<?xml version="1.0" encoding="utf-8"?><testsuites name="pytest tests"><testsuite name="pytest" errors="0" failures="0" skipped="0" tests="26" time="6.304" timestamp="2026-04-10T10:09:54.730794+00:00" hostname="agent-env-cdbf39a3-df06-476c-b821-917b915438c3"><testcase classname="backend.tests.test_refactoring_regression_iter39.TestBasicEndpoints" name="test_api_root_returns_welcome" time="0.225" /><testcase classname="backend.tests.test_refactoring_regression_iter39.TestBasicEndpoints" name="test_players_endpoint" time="0.102" /><testcase classname="backend.tests.test_refactoring_regression_iter39.TestBasicEndpoints" name="test_fixtures_endpoint" time="0.117" /><testcase classname="backend.tests.test_refactoring_regression_iter39.TestBasicEndpoints" name="test_academy_groups_endpoint" time="0.110" /><testcase classname="backend.tests.test_refactoring_regression_iter39.TestBasicEndpoints" name="test_teams_endpoint" time="0.143" /><testcase classname="backend.tests.test_refactoring_regression_iter39.TestBasicEndpoints" name="test_staff_endpoint" time="0.170" /><testcase classname="backend.tests.test_refactoring_regression_iter39.TestBasicEndpoints" name="test_standings_endpoint" time="0.096" /><testcase classname="backend.tests.test_refactoring_regression_iter39.TestAuthModule" name="test_admin_login_success" time="0.329" /><testcase classname="backend.tests.test_refactoring_regression_iter39.TestAuthModule" name="test_admin_login_wrong_password" time="0.336" /><testcase classname="backend.tests.test_refactoring_regression_iter39.TestAuthModule" name="test_admin_login_wrong_username" time="0.104" /><testcase classname="backend.tests.test_refactoring_regression_iter39.TestAuthModule" name="test_auth_me_with_token" time="0.429" /><testcase classname="backend.tests.test_refactoring_regression_iter39.TestAuthModule" name="test_auth_me_without_token" time="0.107" /><testcase classname="backend.tests.test_refactoring_regression_iter39.TestAdminEndpoints" name="test_admin_dashboard" time="0.737" /><testcase classname="backend.tests.test_refactoring_regression_iter39.TestAdminEndpoints" name="test_admin_dashboard_requires_auth" time="0.105" /><testcase classname="backend.tests.test_refactoring_regression_iter39.TestAdminEndpoints" name="test_admin_registrations" time="0.428" /><testcase classname="backend.tests.test_refactoring_regression_iter39.TestAdminEndpoints" name="test_admin_products" time="0.428" /><testcase classname="backend.tests.test_refactoring_regression_iter39.TestAdminEndpoints" name="test_admin_tickets" time="0.444" /><testcase classname="backend.tests.test_refactoring_regression_iter39.TestAdminEndpoints" name="test_admin_orders" time="0.462" /><testcase classname="backend.tests.test_refactoring_regression_iter39.TestMobileAuth" name="test_request_otp" time="0.102" /><testcase classname="backend.tests.test_refactoring_regression_iter39.TestMobileAuth" name="test_verify_otp" time="0.232" /><testcase classname="backend.tests.test_refactoring_regression_iter39.TestMobileAuth" name="test_verify_otp_wrong_code" time="0.218" /><testcase classname="backend.tests.test_refactoring_regression_iter39.TestMobileParentDashboard" name="test_parent_dashboard" time="0.345" /><testcase classname="backend.tests.test_refactoring_regression_iter39.TestMobileParentDashboard" name="test_parent_dashboard_requires_auth" time="0.119" /><testcase classname="backend.tests.test_refactoring_regression_iter39.TestModelsIntegrity" name="test_player_model_fields" time="0.106" /><testcase classname="backend.tests.test_refactoring_regression_iter39.TestModelsIntegrity" name="test_fixture_model_fields" time="0.101" /><testcase classname="backend.tests.test_refactoring_regression_iter39.TestModelsIntegrity" name="test_academy_group_model_fields" time="0.101" /></testsuite></testsuites>