<?xml version="1.0" encoding="utf-8"?><testsuites name="pytest tests"><testsuite name="pytest" errors="0" failures="0" skipped="0" tests="14" time="5.341" timestamp="2026-04-07T18:09:04.617417+00:00" hostname="agent-env-cdbf39a3-df06-476c-b821-917b915438c3"><testcase classname="backend.tests.test_iter31_features.TestAdminAuth" name="test_admin_login" time="0.347" /><testcase classname="backend.tests.test_iter31_features.TestTrainingSessions" name="test_create_single_training_session_with_venue" time="0.489" /><testcase classname="backend.tests.test_iter31_features.TestTrainingSessions" name="test_get_training_sessions_returns_venue_data" time="0.105" /><testcase classname="backend.tests.test_iter31_features.TestTrainingSessions" name="test_bulk_training_sessions_with_venue" time="0.237" /><testcase classname="backend.tests.test_iter31_features.TestTeamBannerUrl" name="test_create_team_with_banner_url" time="0.476" /><testcase classname="backend.tests.test_iter31_features.TestTeamBannerUrl" name="test_get_teams_returns_banner_url" time="0.114" /><testcase classname="backend.tests.test_iter31_features.TestTeamBannerUrl" name="test_update_team_banner_url" time="0.234" /><testcase classname="backend.tests.test_iter31_features.TestAcademyGroupBannerUrl" name="test_create_academy_group_with_banner_url" time="0.459" /><testcase classname="backend.tests.test_iter31_features.TestAcademyGroupBannerUrl" name="test_get_academy_groups_returns_banner_url" time="0.150" /><testcase classname="backend.tests.test_iter31_features.TestAcademyGroupBannerUrl" name="test_update_academy_group_banner_url" time="0.296" /><testcase classname="backend.tests.test_iter31_features.TestImageUpload" name="test_upload_image_returns_image_url" time="0.613" /><testcase classname="backend.tests.test_iter31_features.TestCleanup" name="test_cleanup_test_training_sessions" time="1.012" /><testcase classname="backend.tests.test_iter31_features.TestCleanup" name="test_cleanup_test_teams" time="0.352" /><testcase classname="backend.tests.test_iter31_features.TestCleanup" name="test_cleanup_test_academy_groups" time="0.365" /></testsuite></testsuites>