<?xml version="1.0" encoding="utf-8"?><testsuites name="pytest tests"><testsuite name="pytest" errors="0" failures="0" skipped="0" tests="15" time="1.834" timestamp="2026-04-04T17:43:31.939723+00:00" hostname="agent-env-cdbf39a3-df06-476c-b821-917b915438c3"><testcase classname="backend.tests.test_iteration10_push_transfer.TestPushNotificationPublicEndpoints" name="test_get_vapid_key" time="0.126" /><testcase classname="backend.tests.test_iteration10_push_transfer.TestPushNotificationPublicEndpoints" name="test_subscribe_to_push" time="0.059" /><testcase classname="backend.tests.test_iteration10_push_transfer.TestPushNotificationPublicEndpoints" name="test_get_subscribers_count" time="0.053" /><testcase classname="backend.tests.test_iteration10_push_transfer.TestPushNotificationPublicEndpoints" name="test_unsubscribe_from_push" time="0.055" /><testcase classname="backend.tests.test_iteration10_push_transfer.TestPushNotificationAdminEndpoints" name="test_admin_push_test_without_auth" time="0.070" /><testcase classname="backend.tests.test_iteration10_push_transfer.TestPushNotificationAdminEndpoints" name="test_admin_push_stats_without_auth" time="0.053" /><testcase classname="backend.tests.test_iteration10_push_transfer.TestPushNotificationAdminEndpoints" name="test_admin_push_stats_with_auth" time="0.337" /><testcase classname="backend.tests.test_iteration10_push_transfer.TestPushNotificationAdminEndpoints" name="test_admin_push_test_with_auth" time="0.062" /><testcase classname="backend.tests.test_iteration10_push_transfer.TestTransferPublicEndpoints" name="test_get_transfers_list" time="0.052" /><testcase classname="backend.tests.test_iteration10_push_transfer.TestTransferAdminEndpoints" name="test_transfer_player_without_auth" time="0.181" /><testcase classname="backend.tests.test_iteration10_push_transfer.TestTransferAdminEndpoints" name="test_transfer_player_with_auth" time="0.173" /><testcase classname="backend.tests.test_iteration10_push_transfer.TestTransferAdminEndpoints" name="test_transfer_types" time="0.311" /><testcase classname="backend.tests.test_iteration10_push_transfer.TestTransferFieldValidation" name="test_transfer_record_fields" time="0.052" /><testcase classname="backend.tests.test_iteration10_push_transfer.TestServiceWorker" name="test_service_worker_accessible" time="0.123" /><testcase classname="backend.tests.test_iteration10_push_transfer.TestCleanup" name="test_cleanup_test_transfers" time="0.056" /></testsuite></testsuites>