<?xml version="1.0" encoding="utf-8"?><testsuites name="pytest tests"><testsuite name="pytest" errors="0" failures="1" skipped="0" tests="16" time="4.042" timestamp="2026-04-05T10:48:13.770644+00:00" hostname="agent-env-cdbf39a3-df06-476c-b821-917b915438c3"><testcase classname="backend.tests.test_iteration19_gallery_restructure.TestAdminAuth" name="test_admin_login_success" time="0.442" /><testcase classname="backend.tests.test_iteration19_gallery_restructure.TestAdminAuth" name="test_admin_login_invalid" time="0.131" /><testcase classname="backend.tests.test_iteration19_gallery_restructure.TestGalleryAPI" name="test_get_gallery_all" time="0.128" /><testcase classname="backend.tests.test_iteration19_gallery_restructure.TestGalleryAPI" name="test_get_gallery_by_team_id" time="0.228" /><testcase classname="backend.tests.test_iteration19_gallery_restructure.TestGalleryAPI" name="test_get_gallery_by_academy_group_id" time="0.236" /><testcase classname="backend.tests.test_iteration19_gallery_restructure.TestGalleryAPI" name="test_post_gallery_with_team_id" time="0.758" /><testcase classname="backend.tests.test_iteration19_gallery_restructure.TestGalleryAPI" name="test_post_gallery_with_academy_group_id" time="0.749" /><testcase classname="backend.tests.test_iteration19_gallery_restructure.TestTeamsAPI" name="test_get_teams" time="0.138" /><testcase classname="backend.tests.test_iteration19_gallery_restructure.TestAcademyGroupsAPI" name="test_get_academy_groups" time="0.099" /><testcase classname="backend.tests.test_iteration19_gallery_restructure.TestStandingsAPI" name="test_get_standings" time="0.095" /><testcase classname="backend.tests.test_iteration19_gallery_restructure.TestSettingsAPI" name="test_get_club_profile" time="0.129" /><testcase classname="backend.tests.test_iteration19_gallery_restructure.TestSettingsAPI" name="test_get_seasons" time="0.101" /><testcase classname="backend.tests.test_iteration19_gallery_restructure.TestSettingsAPI" name="test_get_venues" time="0.096" /><testcase classname="backend.tests.test_iteration19_gallery_restructure.TestShopAPI" name="test_get_products" time="0.094" /><testcase classname="backend.tests.test_iteration19_gallery_restructure.TestShopAPI" name="test_get_tickets" time="0.094" /><testcase classname="backend.tests.test_iteration19_gallery_restructure.TestDashboardStats" name="test_get_admin_stats" time="0.422"><failure message="assert 404 == 200&#10; +  where 404 = &lt;Response [404]&gt;.status_code">backend/tests/test_iteration19_gallery_restructure.py:273: in test_get_admin_stats
    assert response.status_code == 200
E   assert 404 == 200
E    +  where 404 = &lt;Response [404]&gt;.status_code</failure></testcase></testsuite></testsuites>