<?xml version="1.0" encoding="utf-8"?><testsuites name="pytest tests"><testsuite name="pytest" errors="0" failures="0" skipped="0" tests="13" time="2.600" timestamp="2026-04-10T09:03:41.720529+00:00" hostname="agent-env-cdbf39a3-df06-476c-b821-917b915438c3"><testcase classname="backend.tests.test_mobile_pwa_features.TestMobileOTPLogin" name="test_otp_request" time="0.134" /><testcase classname="backend.tests.test_mobile_pwa_features.TestParentDashboard" name="test_parent_dashboard_returns_groups" time="0.332" /><testcase classname="backend.tests.test_mobile_pwa_features.TestParentDashboard" name="test_parent_dashboard_returns_group_players" time="0.109" /><testcase classname="backend.tests.test_mobile_pwa_features.TestParentDashboard" name="test_parent_dashboard_returns_training_sessions" time="0.116" /><testcase classname="backend.tests.test_mobile_pwa_features.TestParentDashboard" name="test_parent_dashboard_returns_fixtures" time="0.109" /><testcase classname="backend.tests.test_mobile_pwa_features.TestParentDashboard" name="test_parent_dashboard_returns_events" time="0.116" /><testcase classname="backend.tests.test_mobile_pwa_features.TestAvailabilityEndpoint" name="test_submit_availability_going" time="0.438" /><testcase classname="backend.tests.test_mobile_pwa_features.TestAvailabilityEndpoint" name="test_submit_availability_not_going" time="0.219" /><testcase classname="backend.tests.test_mobile_pwa_features.TestProfileEndpoints" name="test_get_current_user" time="0.343" /><testcase classname="backend.tests.test_mobile_pwa_features.TestProfileEndpoints" name="test_update_profile_name_email" time="0.105" /><testcase classname="backend.tests.test_mobile_pwa_features.TestProfileEndpoints" name="test_update_profile_phone_locked" time="0.095" /><testcase classname="backend.tests.test_mobile_pwa_features.TestProfileEndpoints" name="test_avatar_upload_endpoint_exists" time="0.104" /><testcase classname="backend.tests.test_mobile_pwa_features.TestMobileAuthMe" name="test_me_returns_avatar_url" time="0.315" /></testsuite></testsuites>