<?xml version="1.0" encoding="utf-8"?><testsuites name="pytest tests"><testsuite name="pytest" errors="0" failures="0" skipped="0" tests="35" time="12.262" timestamp="2026-04-04T15:49:22.551831+00:00" hostname="agent-env-cdbf39a3-df06-476c-b821-917b915438c3"><testcase classname="backend.tests.test_live_match_stats.TestLiveMatchEndpoint" name="test_live_match_returns_inactive_when_no_live" time="0.261" /><testcase classname="backend.tests.test_live_match_stats.TestLiveMatchEndpoint" name="test_live_match_structure" time="0.137" /><testcase classname="backend.tests.test_live_match_stats.TestFixtureDetail" name="test_fixture_detail_returns_events_and_stats" time="0.646" /><testcase classname="backend.tests.test_live_match_stats.TestFixtureDetail" name="test_fixture_detail_404_for_invalid_id" time="0.116" /><testcase classname="backend.tests.test_live_match_stats.TestMatchEvents" name="test_add_goal_event_increments_home_score" time="0.830" /><testcase classname="backend.tests.test_live_match_stats.TestMatchEvents" name="test_add_goal_event_increments_away_score" time="0.462" /><testcase classname="backend.tests.test_live_match_stats.TestMatchEvents" name="test_add_own_goal_increments_opposing_team_score" time="0.478" /><testcase classname="backend.tests.test_live_match_stats.TestMatchEvents" name="test_add_penalty_scored_increments_score" time="0.474" /><testcase classname="backend.tests.test_live_match_stats.TestMatchEvents" name="test_add_yellow_card_event" time="0.422" /><testcase classname="backend.tests.test_live_match_stats.TestMatchEvents" name="test_add_substitution_event" time="0.222" /><testcase classname="backend.tests.test_live_match_stats.TestMatchEvents" name="test_delete_goal_event_reverses_score" time="0.521" /><testcase classname="backend.tests.test_live_match_stats.TestMatchEvents" name="test_delete_own_goal_reverses_opposing_score" time="0.591" /><testcase classname="backend.tests.test_live_match_stats.TestMatchEvents" name="test_get_match_events_sorted_by_minute" time="0.923" /><testcase classname="backend.tests.test_live_match_stats.TestMatchStats" name="test_update_match_stats" time="0.559" /><testcase classname="backend.tests.test_live_match_stats.TestMatchStats" name="test_possession_auto_balances" time="0.104" /><testcase classname="backend.tests.test_live_match_stats.TestMatchStats" name="test_possession_auto_balances_from_away" time="0.123" /><testcase classname="backend.tests.test_live_match_stats.TestMatchStats" name="test_get_match_stats" time="0.215" /><testcase classname="backend.tests.test_live_match_stats.TestMatchStatusTransitions" name="test_scheduled_to_live" time="0.542" /><testcase classname="backend.tests.test_live_match_stats.TestMatchStatusTransitions" name="test_live_to_half_time" time="0.249" /><testcase classname="backend.tests.test_live_match_stats.TestMatchStatusTransitions" name="test_half_time_to_live" time="0.246" /><testcase classname="backend.tests.test_live_match_stats.TestMatchStatusTransitions" name="test_live_to_completed_updates_standings" time="0.340" /><testcase classname="backend.tests.test_live_match_stats.TestHalfTimeStatus" name="test_half_time_in_live_match_response" time="0.655" /><testcase classname="backend.tests.test_live_match_stats.TestEventTypes" name="test_all_event_types_can_be_added[goal]" time="0.674" /><testcase classname="backend.tests.test_live_match_stats.TestEventTypes" name="test_all_event_types_can_be_added[yellow_card]" time="0.215" /><testcase classname="backend.tests.test_live_match_stats.TestEventTypes" name="test_all_event_types_can_be_added[red_card]" time="0.231" /><testcase classname="backend.tests.test_live_match_stats.TestEventTypes" name="test_all_event_types_can_be_added[second_yellow]" time="0.230" /><testcase classname="backend.tests.test_live_match_stats.TestEventTypes" name="test_all_event_types_can_be_added[substitution]" time="0.217" /><testcase classname="backend.tests.test_live_match_stats.TestEventTypes" name="test_all_event_types_can_be_added[penalty_scored]" time="0.227" /><testcase classname="backend.tests.test_live_match_stats.TestEventTypes" name="test_all_event_types_can_be_added[penalty_missed]" time="0.242" /><testcase classname="backend.tests.test_live_match_stats.TestEventTypes" name="test_all_event_types_can_be_added[own_goal]" time="0.241" /><testcase classname="backend.tests.test_live_match_stats.TestEventTypes" name="test_all_event_types_can_be_added[var_decision]" time="0.330" /><testcase classname="backend.tests.test_live_match_stats.TestAuthRequirements" name="test_add_event_requires_auth" time="0.099" /><testcase classname="backend.tests.test_live_match_stats.TestAuthRequirements" name="test_delete_event_requires_auth" time="0.103" /><testcase classname="backend.tests.test_live_match_stats.TestAuthRequirements" name="test_get_events_requires_auth" time="0.107" /><testcase classname="backend.tests.test_live_match_stats.TestAuthRequirements" name="test_update_stats_requires_auth" time="0.103" /></testsuite></testsuites>