<?xml version="1.0" encoding="utf-8"?><testsuites name="pytest tests"><testsuite name="pytest" errors="0" failures="0" skipped="0" tests="21" time="5.824" timestamp="2026-04-04T17:23:30.235921+00:00" hostname="agent-env-cdbf39a3-df06-476c-b821-917b915438c3"><testcase classname="backend.tests.test_iteration9_gallery.TestGalleryPublicAPI" name="test_get_gallery_returns_empty_initially" time="0.264" /><testcase classname="backend.tests.test_iteration9_gallery.TestGalleryPublicAPI" name="test_get_gallery_with_category_filter" time="0.108" /><testcase classname="backend.tests.test_iteration9_gallery.TestGalleryPublicAPI" name="test_get_gallery_with_player_filter" time="0.104" /><testcase classname="backend.tests.test_iteration9_gallery.TestGalleryAdminAuth" name="test_create_gallery_without_auth_returns_401" time="0.102" /><testcase classname="backend.tests.test_iteration9_gallery.TestGalleryAdminAuth" name="test_upload_gallery_without_auth_returns_401" time="0.106" /><testcase classname="backend.tests.test_iteration9_gallery.TestGalleryAdminAuth" name="test_update_gallery_without_auth_returns_401" time="0.127" /><testcase classname="backend.tests.test_iteration9_gallery.TestGalleryAdminAuth" name="test_delete_gallery_without_auth_returns_401" time="0.098" /><testcase classname="backend.tests.test_iteration9_gallery.TestGalleryAdminCRUD" name="test_create_gallery_item" time="0.482" /><testcase classname="backend.tests.test_iteration9_gallery.TestGalleryAdminCRUD" name="test_get_gallery_item_after_create" time="0.111" /><testcase classname="backend.tests.test_iteration9_gallery.TestGalleryAdminCRUD" name="test_gallery_item_appears_in_list" time="0.107" /><testcase classname="backend.tests.test_iteration9_gallery.TestGalleryAdminCRUD" name="test_filter_gallery_by_category" time="0.140" /><testcase classname="backend.tests.test_iteration9_gallery.TestGalleryAdminCRUD" name="test_update_gallery_item" time="0.116" /><testcase classname="backend.tests.test_iteration9_gallery.TestGalleryAdminCRUD" name="test_verify_update_persisted" time="0.107" /><testcase classname="backend.tests.test_iteration9_gallery.TestGalleryAdminCRUD" name="test_delete_gallery_item" time="0.143" /><testcase classname="backend.tests.test_iteration9_gallery.TestGalleryAdminCRUD" name="test_verify_delete_persisted" time="0.110" /><testcase classname="backend.tests.test_iteration9_gallery.TestGalleryDashboardStats" name="test_dashboard_includes_gallery_photos_count" time="0.484" /><testcase classname="backend.tests.test_iteration9_gallery.TestGalleryFileUpload" name="test_upload_gallery_image" time="0.461" /><testcase classname="backend.tests.test_iteration9_gallery.TestGalleryFileUpload" name="test_uploaded_image_accessible" time="0.110" /><testcase classname="backend.tests.test_iteration9_gallery.TestGalleryCategories" name="test_create_items_for_all_categories" time="0.975" /><testcase classname="backend.tests.test_iteration9_gallery.TestGalleryCategories" name="test_filter_each_category" time="0.681" /><testcase classname="backend.tests.test_iteration9_gallery.TestGalleryCategories" name="test_cleanup_test_items" time="0.792" /></testsuite></testsuites>