<?xml version="1.0" encoding="utf-8"?><testsuites name="pytest tests"><testsuite name="pytest" errors="0" failures="0" skipped="0" tests="34" time="11.354" timestamp="2026-04-04T15:14:24.570422+00:00" hostname="agent-env-cdbf39a3-df06-476c-b821-917b915438c3"><testcase classname="backend.tests.test_lefteria_fc_api.TestPublicEndpoints" name="test_api_root" time="0.269" /><testcase classname="backend.tests.test_lefteria_fc_api.TestPublicEndpoints" name="test_get_players" time="0.127" /><testcase classname="backend.tests.test_lefteria_fc_api.TestPublicEndpoints" name="test_get_players_with_team_type_filter" time="0.112" /><testcase classname="backend.tests.test_lefteria_fc_api.TestPublicEndpoints" name="test_get_players_with_position_filter" time="0.106" /><testcase classname="backend.tests.test_lefteria_fc_api.TestPublicEndpoints" name="test_get_academy_groups" time="0.109" /><testcase classname="backend.tests.test_lefteria_fc_api.TestPublicEndpoints" name="test_get_standings" time="0.111" /><testcase classname="backend.tests.test_lefteria_fc_api.TestPublicEndpoints" name="test_get_fixtures" time="0.121" /><testcase classname="backend.tests.test_lefteria_fc_api.TestPublicEndpoints" name="test_get_fixtures_with_status_filter" time="0.105" /><testcase classname="backend.tests.test_lefteria_fc_api.TestPublicEndpoints" name="test_get_fixtures_scheduled" time="0.145" /><testcase classname="backend.tests.test_lefteria_fc_api.TestPublicEndpoints" name="test_get_news" time="0.112" /><testcase classname="backend.tests.test_lefteria_fc_api.TestPublicEndpoints" name="test_get_club_profile" time="0.107" /><testcase classname="backend.tests.test_lefteria_fc_api.TestPublicEndpoints" name="test_get_staff" time="0.110" /><testcase classname="backend.tests.test_lefteria_fc_api.TestPublicEndpoints" name="test_get_venues" time="0.138" /><testcase classname="backend.tests.test_lefteria_fc_api.TestPublicEndpoints" name="test_get_seasons" time="0.107" /><testcase classname="backend.tests.test_lefteria_fc_api.TestPublicEndpoints" name="test_contact_form_submission" time="0.121" /><testcase classname="backend.tests.test_lefteria_fc_api.TestAuthentication" name="test_login_success" time="0.331" /><testcase classname="backend.tests.test_lefteria_fc_api.TestAuthentication" name="test_login_invalid_credentials" time="0.115" /><testcase classname="backend.tests.test_lefteria_fc_api.TestAuthentication" name="test_auth_me_without_token" time="0.101" /><testcase classname="backend.tests.test_lefteria_fc_api.TestAuthentication" name="test_auth_me_with_token" time="0.432" /><testcase classname="backend.tests.test_lefteria_fc_api.TestAdminEndpoints" name="test_admin_dashboard" time="0.487" /><testcase classname="backend.tests.test_lefteria_fc_api.TestAdminEndpoints" name="test_admin_create_player" time="0.440" /><testcase classname="backend.tests.test_lefteria_fc_api.TestAdminEndpoints" name="test_admin_update_player" time="0.683" /><testcase classname="backend.tests.test_lefteria_fc_api.TestAdminEndpoints" name="test_admin_delete_player" time="0.685" /><testcase classname="backend.tests.test_lefteria_fc_api.TestAdminEndpoints" name="test_admin_create_academy_group" time="0.598" /><testcase classname="backend.tests.test_lefteria_fc_api.TestAdminEndpoints" name="test_admin_create_staff" time="0.547" /><testcase classname="backend.tests.test_lefteria_fc_api.TestAdminEndpoints" name="test_admin_create_fixture" time="0.536" /><testcase classname="backend.tests.test_lefteria_fc_api.TestAdminEndpoints" name="test_admin_create_standing" time="0.540" /><testcase classname="backend.tests.test_lefteria_fc_api.TestAdminEndpoints" name="test_admin_create_news" time="0.522" /><testcase classname="backend.tests.test_lefteria_fc_api.TestAdminEndpoints" name="test_admin_create_venue" time="0.568" /><testcase classname="backend.tests.test_lefteria_fc_api.TestAdminEndpoints" name="test_admin_create_season" time="0.518" /><testcase classname="backend.tests.test_lefteria_fc_api.TestAdminEndpoints" name="test_admin_update_club_profile" time="0.553" /><testcase classname="backend.tests.test_lefteria_fc_api.TestAdminEndpoints" name="test_admin_get_contact_messages" time="0.442" /><testcase classname="backend.tests.test_lefteria_fc_api.TestCleanup" name="test_cleanup_test_players" time="0.574" /><testcase classname="backend.tests.test_lefteria_fc_api.TestCleanup" name="test_cleanup_test_messages" time="0.567" /></testsuite></testsuites>