<?xml version="1.0" encoding="utf-8"?><testsuites name="pytest tests"><testsuite name="pytest" errors="0" failures="0" skipped="0" tests="11" time="4.235" timestamp="2026-04-07T19:43:19.180969+00:00" hostname="agent-env-cdbf39a3-df06-476c-b821-917b915438c3"><testcase classname="backend.tests.test_iter34_phase2_attendance.TestAdminAuth" name="test_admin_login" time="0.365" /><testcase classname="backend.tests.test_iter34_phase2_attendance.TestAttendanceEndpoints" name="test_post_attendance" time="0.873" /><testcase classname="backend.tests.test_iter34_phase2_attendance.TestAttendanceEndpoints" name="test_get_attendance" time="0.126" /><testcase classname="backend.tests.test_iter34_phase2_attendance.TestAttendanceEndpoints" name="test_attendance_stats_with_player_id" time="0.126" /><testcase classname="backend.tests.test_iter34_phase2_attendance.TestAttendanceEndpoints" name="test_attendance_toggle" time="0.356" /><testcase classname="backend.tests.test_iter34_phase2_attendance.TestMobileAvailability" name="test_parent_dashboard_has_events_with_type" time="0.426" /><testcase classname="backend.tests.test_iter34_phase2_attendance.TestMobileAvailability" name="test_post_mobile_availability" time="0.234" /><testcase classname="backend.tests.test_iter34_phase2_attendance.TestMobileAvailability" name="test_get_my_availability" time="0.106" /><testcase classname="backend.tests.test_iter34_phase2_attendance.TestMobileAvailability" name="test_availability_toggle" time="0.377" /><testcase classname="backend.tests.test_iter34_phase2_attendance.TestMobileAvailabilitySyncToEventAttendance" name="test_mobile_availability_syncs_to_event_attendance" time="0.928" /><testcase classname="backend.tests.test_iter34_phase2_attendance.TestCoachMobileAuth" name="test_coach_otp_flow" time="0.244" /></testsuite></testsuites>