<?xml version="1.0" encoding="utf-8"?><testsuites name="pytest tests"><testsuite name="pytest" errors="0" failures="0" skipped="0" tests="11" time="2.938" timestamp="2026-04-23T20:16:25.509611+00:00" hostname="agent-env-cdbf39a3-df06-476c-b821-917b915438c3"><testcase classname="backend.tests.test_attendance_iter42.TestMarkAttendance" name="test_coach_marks_player_present" time="1.515" /><testcase classname="backend.tests.test_attendance_iter42.TestMarkAttendance" name="test_player_marks_self" time="0.132" /><testcase classname="backend.tests.test_attendance_iter42.TestMarkAttendance" name="test_parent_marks_child" time="0.129" /><testcase classname="backend.tests.test_attendance_iter42.TestMarkAttendance" name="test_lock_when_event_passed" time="0.190" /><testcase classname="backend.tests.test_attendance_iter42.TestMarkAttendance" name="test_invalid_status" time="0.123" /><testcase classname="backend.tests.test_attendance_iter42.TestMarkAttendance" name="test_no_auth" time="0.136" /><testcase classname="backend.tests.test_attendance_iter42.TestGetEventAttendance" name="test_coach_roster" time="0.113" /><testcase classname="backend.tests.test_attendance_iter42.TestGetEventAttendance" name="test_locked_flag_true_for_past" time="0.187" /><testcase classname="backend.tests.test_attendance_iter42.TestMyAttendance" name="test_player_my_attendance" time="0.107" /><testcase classname="backend.tests.test_attendance_iter42.TestMyAttendance" name="test_parent_my_attendance" time="0.116" /><testcase classname="backend.tests.test_attendance_iter42.TestMyAttendance" name="test_no_auth" time="0.109" /></testsuite></testsuites>