<?xml version="1.0" encoding="utf-8"?><testsuites name="pytest tests"><testsuite name="pytest" errors="0" failures="0" skipped="0" tests="17" time="3.427" timestamp="2026-04-06T18:15:17.300175+00:00" hostname="agent-env-cdbf39a3-df06-476c-b821-917b915438c3"><testcase classname="backend.tests.test_iteration27_training_dev_eval.TestTrainingSessions" name="test_create_training_session" time="0.528" /><testcase classname="backend.tests.test_iteration27_training_dev_eval.TestTrainingSessions" name="test_get_training_sessions_by_academy_group" time="0.111" /><testcase classname="backend.tests.test_iteration27_training_dev_eval.TestTrainingSessions" name="test_update_training_session" time="0.240" /><testcase classname="backend.tests.test_iteration27_training_dev_eval.TestTrainingSessions" name="test_delete_training_session" time="0.273" /><testcase classname="backend.tests.test_iteration27_training_dev_eval.TestPlayerDevelopment" name="test_create_development_goal" time="0.269" /><testcase classname="backend.tests.test_iteration27_training_dev_eval.TestPlayerDevelopment" name="test_get_development_goals" time="0.104" /><testcase classname="backend.tests.test_iteration27_training_dev_eval.TestPlayerDevelopment" name="test_update_development_goal_progress" time="0.232" /><testcase classname="backend.tests.test_iteration27_training_dev_eval.TestPlayerDevelopment" name="test_delete_development_goal" time="0.327" /><testcase classname="backend.tests.test_iteration27_training_dev_eval.TestPlayerEvaluations" name="test_create_evaluation" time="0.189" /><testcase classname="backend.tests.test_iteration27_training_dev_eval.TestPlayerEvaluations" name="test_get_evaluations" time="0.119" /><testcase classname="backend.tests.test_iteration27_training_dev_eval.TestPlayerEvaluations" name="test_evaluation_ratings_validation" time="0.101" /><testcase classname="backend.tests.test_iteration27_training_dev_eval.TestPlayerEvaluations" name="test_delete_evaluation" time="0.230" /><testcase classname="backend.tests.test_iteration27_training_dev_eval.TestExistingFeatures" name="test_calendar_endpoint" time="0.138" /><testcase classname="backend.tests.test_iteration27_training_dev_eval.TestExistingFeatures" name="test_attendance_stats" time="0.118" /><testcase classname="backend.tests.test_iteration27_training_dev_eval.TestExistingFeatures" name="test_wall_posts" time="0.105" /><testcase classname="backend.tests.test_iteration27_training_dev_eval.TestExistingFeatures" name="test_dashboard_stats" time="0.137" /><testcase classname="backend.tests.test_iteration27_training_dev_eval.TestExistingFeatures" name="test_academy_groups" time="0.112" /></testsuite></testsuites>