<?xml version="1.0" encoding="utf-8"?><testsuites name="pytest tests"><testsuite name="pytest" errors="0" failures="0" skipped="0" tests="17" time="4.402" timestamp="2026-04-06T19:21:18.026377+00:00" hostname="agent-env-cdbf39a3-df06-476c-b821-917b915438c3"><testcase classname="backend.tests.test_mobile_pwa_iter29.TestMobileOTPAuth" name="test_request_otp_success" time="0.301" /><testcase classname="backend.tests.test_mobile_pwa_iter29.TestMobileOTPAuth" name="test_request_otp_empty_phone" time="0.114" /><testcase classname="backend.tests.test_mobile_pwa_iter29.TestMobileOTPAuth" name="test_request_otp_normalizes_phone" time="0.117" /><testcase classname="backend.tests.test_mobile_pwa_iter29.TestMobileOTPAuth" name="test_verify_otp_success" time="0.251" /><testcase classname="backend.tests.test_mobile_pwa_iter29.TestMobileOTPAuth" name="test_verify_otp_wrong_code" time="0.249" /><testcase classname="backend.tests.test_mobile_pwa_iter29.TestMobileOTPAuth" name="test_verify_otp_no_otp_requested" time="0.151" /><testcase classname="backend.tests.test_mobile_pwa_iter29.TestMobileOTPAuth" name="test_verify_otp_unknown_phone" time="0.237" /><testcase classname="backend.tests.test_mobile_pwa_iter29.TestMobileAuthMe" name="test_get_me_success" time="0.376" /><testcase classname="backend.tests.test_mobile_pwa_iter29.TestMobileAuthMe" name="test_get_me_no_token" time="0.164" /><testcase classname="backend.tests.test_mobile_pwa_iter29.TestMobileAuthMe" name="test_get_me_invalid_token" time="0.105" /><testcase classname="backend.tests.test_mobile_pwa_iter29.TestParentDashboard" name="test_parent_dashboard_success" time="0.389" /><testcase classname="backend.tests.test_mobile_pwa_iter29.TestParentDashboard" name="test_parent_dashboard_no_auth" time="0.127" /><testcase classname="backend.tests.test_mobile_pwa_iter29.TestCoachDashboard" name="test_coach_dashboard_requires_coach_role" time="0.380" /><testcase classname="backend.tests.test_mobile_pwa_iter29.TestPlayerDashboard" name="test_player_dashboard_requires_player_role" time="0.388" /><testcase classname="backend.tests.test_mobile_pwa_iter29.TestManagementDashboard" name="test_management_dashboard_requires_management_role" time="0.400" /><testcase classname="backend.tests.test_mobile_pwa_iter29.TestAdminPanelStillWorks" name="test_admin_login" time="0.355" /><testcase classname="backend.tests.test_mobile_pwa_iter29.TestPWAManifest" name="test_manifest_accessible" time="0.206" /></testsuite></testsuites>