<?xml version="1.0" encoding="utf-8"?><testsuites name="pytest tests"><testsuite name="pytest" errors="0" failures="0" skipped="0" tests="9" time="4.730" timestamp="2026-04-07T19:06:33.478903+00:00" hostname="agent-env-cdbf39a3-df06-476c-b821-917b915438c3"><testcase classname="backend.tests.test_iter33_sidebar_scoped.TestScopedOpponentsAndVenues" name="test_create_club_opponent" time="0.703" /><testcase classname="backend.tests.test_iter33_sidebar_scoped.TestScopedOpponentsAndVenues" name="test_create_academy_opponent" time="0.595" /><testcase classname="backend.tests.test_iter33_sidebar_scoped.TestScopedOpponentsAndVenues" name="test_get_opponents_without_filter" time="0.379" /><testcase classname="backend.tests.test_iter33_sidebar_scoped.TestScopedOpponentsAndVenues" name="test_create_club_venue" time="0.637" /><testcase classname="backend.tests.test_iter33_sidebar_scoped.TestScopedOpponentsAndVenues" name="test_create_academy_venue" time="0.576" /><testcase classname="backend.tests.test_iter33_sidebar_scoped.TestScopedOpponentsAndVenues" name="test_get_facilities_without_filter" time="0.448" /><testcase classname="backend.tests.test_iter33_sidebar_scoped.TestScopedOpponentsAndVenues" name="test_events_endpoint" time="0.428" /><testcase classname="backend.tests.test_iter33_sidebar_scoped.TestScopedOpponentsAndVenues" name="test_training_sessions_endpoint" time="0.439" /><testcase classname="backend.tests.test_iter33_sidebar_scoped.TestScopedOpponentsAndVenues" name="test_fixtures_endpoint" time="0.447" /></testsuite></testsuites>