<?xml version="1.0" encoding="utf-8"?><testsuites name="pytest tests"><testsuite name="pytest" errors="0" failures="0" skipped="0" tests="9" time="3.242" timestamp="2026-04-04T17:01:41.765306+00:00" hostname="agent-env-cdbf39a3-df06-476c-b821-917b915438c3"><testcase classname="backend.tests.test_iteration8_standings_columns.TestStandingsColumnsPublicAPI" name="test_get_standings_columns_returns_default_config" time="0.247" /><testcase classname="backend.tests.test_iteration8_standings_columns.TestStandingsColumnsAdminAPI" name="test_put_standings_columns_without_auth_returns_401" time="0.116" /><testcase classname="backend.tests.test_iteration8_standings_columns.TestStandingsColumnsAdminAPI" name="test_put_standings_columns_with_auth_updates_config" time="0.594" /><testcase classname="backend.tests.test_iteration8_standings_columns.TestStandingsColumnsAdminAPI" name="test_toggle_goals_for_on_and_verify" time="0.439" /><testcase classname="backend.tests.test_iteration8_standings_columns.TestStandingsColumnsAdminAPI" name="test_toggle_form_on_and_verify" time="0.433" /><testcase classname="backend.tests.test_iteration8_standings_columns.TestStandingsColumnsAdminAPI" name="test_reset_to_default_config" time="0.553" /><testcase classname="backend.tests.test_iteration8_standings_columns.TestStandingsAPIIntegration" name="test_standings_api_returns_data" time="0.112" /><testcase classname="backend.tests.test_iteration8_standings_columns.TestAdminLogin" name="test_admin_login_success" time="0.344" /><testcase classname="backend.tests.test_iteration8_standings_columns.TestAdminLogin" name="test_admin_login_wrong_password" time="0.325" /></testsuite></testsuites>