<?xml version="1.0" encoding="utf-8"?><testsuites name="pytest tests"><testsuite name="pytest" errors="0" failures="0" skipped="0" tests="19" time="2.394" timestamp="2026-04-05T07:24:34.278867+00:00" hostname="agent-env-cdbf39a3-df06-476c-b821-917b915438c3"><testcase classname="backend.tests.test_iteration13_potm_birthdays.TestBirthdayEndpoint" name="test_birthday_endpoint_returns_200" time="0.146" /><testcase classname="backend.tests.test_iteration13_potm_birthdays.TestBirthdayEndpoint" name="test_birthday_endpoint_returns_list" time="0.108" /><testcase classname="backend.tests.test_iteration13_potm_birthdays.TestBirthdayEndpoint" name="test_birthday_players_have_required_fields" time="0.104" /><testcase classname="backend.tests.test_iteration13_potm_birthdays.TestBirthdayEndpoint" name="test_birthday_players_are_in_april" time="0.132" /><testcase classname="backend.tests.test_iteration13_potm_birthdays.TestBirthdayEndpoint" name="test_birthday_players_sorted_by_day" time="0.096" /><testcase classname="backend.tests.test_iteration13_potm_birthdays.TestBirthdayEndpoint" name="test_birthday_count_is_6_for_april" time="0.108" /><testcase classname="backend.tests.test_iteration13_potm_birthdays.TestPotmVotingResults" name="test_potm_results_returns_200" time="0.097" /><testcase classname="backend.tests.test_iteration13_potm_birthdays.TestPotmVotingResults" name="test_potm_results_has_required_fields" time="0.174" /><testcase classname="backend.tests.test_iteration13_potm_birthdays.TestPotmVotingResults" name="test_potm_results_month_key_format" time="0.101" /><testcase classname="backend.tests.test_iteration13_potm_birthdays.TestPotmVotingResults" name="test_potm_results_entries_have_required_fields" time="0.099" /><testcase classname="backend.tests.test_iteration13_potm_birthdays.TestPotmVotingCheck" name="test_potm_check_returns_200" time="0.111" /><testcase classname="backend.tests.test_iteration13_potm_birthdays.TestPotmVotingCheck" name="test_potm_check_has_required_fields" time="0.098" /><testcase classname="backend.tests.test_iteration13_potm_birthdays.TestPotmVotingCast" name="test_potm_vote_requires_player_id" time="0.112" /><testcase classname="backend.tests.test_iteration13_potm_birthdays.TestPotmVotingCast" name="test_potm_vote_invalid_player_returns_404" time="0.100" /><testcase classname="backend.tests.test_iteration13_potm_birthdays.TestPotmVotingCast" name="test_potm_duplicate_vote_returns_429" time="0.332" /><testcase classname="backend.tests.test_iteration13_potm_birthdays.TestFirstTeamPlayersForPotm" name="test_first_team_players_returns_200" time="0.104" /><testcase classname="backend.tests.test_iteration13_potm_birthdays.TestFirstTeamPlayersForPotm" name="test_first_team_has_20_players" time="0.092" /><testcase classname="backend.tests.test_iteration13_potm_birthdays.TestFirstTeamPlayersForPotm" name="test_first_team_players_have_required_fields_for_potm" time="0.100" /><testcase classname="backend.tests.test_iteration13_potm_birthdays.TestRosterRegression" name="test_roster_shows_20_players" time="0.104" /></testsuite></testsuites>