<?xml version="1.0" encoding="utf-8"?><testsuites name="pytest tests"><testsuite name="pytest" errors="0" failures="0" skipped="0" tests="10" time="2.189" timestamp="2026-04-23T20:44:23.848252+00:00" hostname="agent-env-cdbf39a3-df06-476c-b821-917b915438c3"><testcase classname="backend.tests.test_attendance_stats_iter44.TestAttendanceStatsEndpoint" name="test_stats_no_filter_returns_attendance_stats_array" time="0.602" /><testcase classname="backend.tests.test_attendance_stats_iter44.TestAttendanceStatsEndpoint" name="test_stats_with_player_id_filters" time="0.054" /><testcase classname="backend.tests.test_attendance_stats_iter44.TestAttendanceStatsEndpoint" name="test_stats_player_cc9e1511_has_present_record" time="0.049" /><testcase classname="backend.tests.test_attendance_stats_iter44.TestAttendanceStatsEndpoint" name="test_stats_unknown_player_returns_empty" time="0.051" /><testcase classname="backend.tests.test_attendance_stats_iter44.TestAttendanceStatsEndpoint" name="test_stats_requires_auth" time="0.134" /><testcase classname="backend.tests.test_attendance_stats_iter44.TestMobileDashboardsRegression" name="test_dashboard_responds_200[coach-/api/mobile/coach/dashboard]" time="0.242" /><testcase classname="backend.tests.test_attendance_stats_iter44.TestMobileDashboardsRegression" name="test_dashboard_responds_200[player-/api/mobile/player/dashboard]" time="0.228" /><testcase classname="backend.tests.test_attendance_stats_iter44.TestMobileDashboardsRegression" name="test_dashboard_responds_200[management-/api/mobile/management/dashboard]" time="0.242" /><testcase classname="backend.tests.test_attendance_stats_iter44.TestMobileDashboardsRegression" name="test_dashboard_responds_200[parent-/api/mobile/parent/dashboard]" time="0.215" /><testcase classname="backend.tests.test_attendance_stats_iter44.TestAttendanceMarkingRegression" name="test_coach_can_get_training_and_roster" time="0.298" /></testsuite></testsuites>