<?xml version="1.0" encoding="utf-8"?><testsuites name="pytest tests"><testsuite name="pytest" errors="0" failures="0" skipped="0" tests="11" time="5.405" timestamp="2026-04-05T12:20:11.937651+00:00" hostname="agent-env-cdbf39a3-df06-476c-b821-917b915438c3"><testcase classname="backend.tests.test_iteration20_registration.TestPublicRegistrationAPI" name="test_create_registration_success" time="0.227" /><testcase classname="backend.tests.test_iteration20_registration.TestPublicRegistrationAPI" name="test_create_registration_with_medical_info" time="0.536" /><testcase classname="backend.tests.test_iteration20_registration.TestAdminRegistrationAPI" name="test_get_all_registrations" time="0.437" /><testcase classname="backend.tests.test_iteration20_registration.TestAdminRegistrationAPI" name="test_get_registrations_by_status_pending" time="0.412" /><testcase classname="backend.tests.test_iteration20_registration.TestAdminRegistrationAPI" name="test_get_registrations_by_status_approved" time="0.434" /><testcase classname="backend.tests.test_iteration20_registration.TestAdminRegistrationAPI" name="test_get_single_registration" time="0.521" /><testcase classname="backend.tests.test_iteration20_registration.TestAdminRegistrationAPI" name="test_approve_registration_creates_player" time="0.861" /><testcase classname="backend.tests.test_iteration20_registration.TestAdminRegistrationAPI" name="test_reject_registration" time="0.661" /><testcase classname="backend.tests.test_iteration20_registration.TestAdminRegistrationAPI" name="test_delete_registration" time="0.659" /><testcase classname="backend.tests.test_iteration20_registration.TestAcademyGroupsAPI" name="test_get_academy_groups" time="0.101" /><testcase classname="backend.tests.test_iteration20_registration.TestAdminStats" name="test_admin_dashboard_includes_pending_registrations" time="0.468" /></testsuite></testsuites>