<?xml version="1.0" encoding="utf-8"?><testsuites name="pytest tests"><testsuite name="pytest" errors="0" failures="1" skipped="0" tests="25" time="4.561" timestamp="2026-04-04T16:06:34.727015+00:00" hostname="agent-env-cdbf39a3-df06-476c-b821-917b915438c3"><testcase classname="backend.tests.test_iteration5_features.TestPlayerDetailEndpoint" name="test_get_player_detail_returns_full_data" time="0.437" /><testcase classname="backend.tests.test_iteration5_features.TestPlayerDetailEndpoint" name="test_get_player_detail_404_for_invalid_id" time="0.128" /><testcase classname="backend.tests.test_iteration5_features.TestPlayerDetailEndpoint" name="test_player_has_season_statistics_field" time="0.120" /><testcase classname="backend.tests.test_iteration5_features.TestPlayerDetailEndpoint" name="test_player_has_previous_clubs_field" time="0.144" /><testcase classname="backend.tests.test_iteration5_features.TestImageUploadEndpoints" name="test_player_image_upload_requires_auth" time="0.109" /><testcase classname="backend.tests.test_iteration5_features.TestImageUploadEndpoints" name="test_general_image_upload_requires_auth" time="0.108" /><testcase classname="backend.tests.test_iteration5_features.TestImageUploadEndpoints" name="test_player_image_upload_with_auth" time="0.572" /><testcase classname="backend.tests.test_iteration5_features.TestImageUploadEndpoints" name="test_general_image_upload_with_auth" time="0.106" /><testcase classname="backend.tests.test_iteration5_features.TestImageUploadEndpoints" name="test_upload_rejects_non_image_file" time="0.098" /><testcase classname="backend.tests.test_iteration5_features.TestImageUploadEndpoints" name="test_upload_for_nonexistent_player" time="0.150" /><testcase classname="backend.tests.test_iteration5_features.TestStaticFilesAccess" name="test_uploads_directory_accessible" time="0.223"><failure message="AssertionError: assert 'image' in 'text/html; charset=utf-8'&#10; +  where 'text/html; charset=utf-8' = get('content-type', '')&#10; +    where get = {'Date': 'Sat, 04 Apr 2026 16:06:37 GMT', 'Content-Type': 'text/html; charset=utf-8', 'Transfer-Encoding': 'chunked', 'Connection': 'keep-alive', 'CF-Ray': '9e718fb158f31122-ORD', 'CF-Cache-Status': 'DYNAMIC', 'Access-Control-Allow-Origin': '*', 'Cache-Control': 'no-store, no-cache, must-revalidate', 'Server': 'cloudflare', 'Vary': 'Accept-Encoding', 'Via': '1.1 google', 'Access-Control-Max-Age': '300', 'access-control-allow-headers': '*', 'access-control-allow-methods': 'GET, POST, PUT, DELETE, OPTIONS, HEAD, PATCH', 'x-powered-by': 'Express', 'set-cookie': '__cf_bm=43MEKDWMMJC5hD6v3g.oVg7w_EKnrd.xyoNuXwN7NYU-1775318797.0115168-1.0.1.1-Yp8BLwrBGQ.WP8dnsB2R7P1uxCPsJzZ.njzGQtRQygNcpZNv_5yCehivx6Z3MVijUQsRwXgpk.gkhUX4dQqFX02CT9aMsjUMLVGhIDqAogvmSnbcMZQFNExad9lBSWN1; HttpOnly; Secure; Path=/; Domain=preview.emergentagent.com; Expires=Sat, 04 Apr 2026 16:36:37 GMT', 'X-Robots-Tag': 'noindex, nofollow', 'Content-Encoding': 'gzip'}.get&#10; +      where {'Date': 'Sat, 04 Apr 2026 16:06:37 GMT', 'Content-Type': 'text/html; charset=utf-8', 'Transfer-Encoding': 'chunked', 'Connection': 'keep-alive', 'CF-Ray': '9e718fb158f31122-ORD', 'CF-Cache-Status': 'DYNAMIC', 'Access-Control-Allow-Origin': '*', 'Cache-Control': 'no-store, no-cache, must-revalidate', 'Server': 'cloudflare', 'Vary': 'Accept-Encoding', 'Via': '1.1 google', 'Access-Control-Max-Age': '300', 'access-control-allow-headers': '*', 'access-control-allow-methods': 'GET, POST, PUT, DELETE, OPTIONS, HEAD, PATCH', 'x-powered-by': 'Express', 'set-cookie': '__cf_bm=43MEKDWMMJC5hD6v3g.oVg7w_EKnrd.xyoNuXwN7NYU-1775318797.0115168-1.0.1.1-Yp8BLwrBGQ.WP8dnsB2R7P1uxCPsJzZ.njzGQtRQygNcpZNv_5yCehivx6Z3MVijUQsRwXgpk.gkhUX4dQqFX02CT9aMsjUMLVGhIDqAogvmSnbcMZQFNExad9lBSWN1; HttpOnly; Secure; Path=/; Domain=preview.emergentagent.com; Expires=Sat, 04 Apr 2026 16:36:37 GMT', 'X-Robots-Tag': 'noindex, nofollow', 'Content-Encoding': 'gzip'} = &lt;Response [200]&gt;.headers">backend/tests/test_iteration5_features.py:274: in test_uploads_directory_accessible
    assert "image" in response.headers.get("content-type", "")
E   AssertionError: assert 'image' in 'text/html; charset=utf-8'
E    +  where 'text/html; charset=utf-8' = get('content-type', '')
E    +    where get = {'Date': 'Sat, 04 Apr 2026 16:06:37 GMT', 'Content-Type': 'text/html; charset=utf-8', 'Transfer-Encoding': 'chunked', 'Connection': 'keep-alive', 'CF-Ray': '9e718fb158f31122-ORD', 'CF-Cache-Status': 'DYNAMIC', 'Access-Control-Allow-Origin': '*', 'Cache-Control': 'no-store, no-cache, must-revalidate', 'Server': 'cloudflare', 'Vary': 'Accept-Encoding', 'Via': '1.1 google', 'Access-Control-Max-Age': '300', 'access-control-allow-headers': '*', 'access-control-allow-methods': 'GET, POST, PUT, DELETE, OPTIONS, HEAD, PATCH', 'x-powered-by': 'Express', 'set-cookie': '__cf_bm=43MEKDWMMJC5hD6v3g.oVg7w_EKnrd.xyoNuXwN7NYU-1775318797.0115168-1.0.1.1-Yp8BLwrBGQ.WP8dnsB2R7P1uxCPsJzZ.njzGQtRQygNcpZNv_5yCehivx6Z3MVijUQsRwXgpk.gkhUX4dQqFX02CT9aMsjUMLVGhIDqAogvmSnbcMZQFNExad9lBSWN1; HttpOnly; Secure; Path=/; Domain=preview.emergentagent.com; Expires=Sat, 04 Apr 2026 16:36:37 GMT', 'X-Robots-Tag': 'noindex, nofollow', 'Content-Encoding': 'gzip'}.get
E    +      where {'Date': 'Sat, 04 Apr 2026 16:06:37 GMT', 'Content-Type': 'text/html; charset=utf-8', 'Transfer-Encoding': 'chunked', 'Connection': 'keep-alive', 'CF-Ray': '9e718fb158f31122-ORD', 'CF-Cache-Status': 'DYNAMIC', 'Access-Control-Allow-Origin': '*', 'Cache-Control': 'no-store, no-cache, must-revalidate', 'Server': 'cloudflare', 'Vary': 'Accept-Encoding', 'Via': '1.1 google', 'Access-Control-Max-Age': '300', 'access-control-allow-headers': '*', 'access-control-allow-methods': 'GET, POST, PUT, DELETE, OPTIONS, HEAD, PATCH', 'x-powered-by': 'Express', 'set-cookie': '__cf_bm=43MEKDWMMJC5hD6v3g.oVg7w_EKnrd.xyoNuXwN7NYU-1775318797.0115168-1.0.1.1-Yp8BLwrBGQ.WP8dnsB2R7P1uxCPsJzZ.njzGQtRQygNcpZNv_5yCehivx6Z3MVijUQsRwXgpk.gkhUX4dQqFX02CT9aMsjUMLVGhIDqAogvmSnbcMZQFNExad9lBSWN1; HttpOnly; Secure; Path=/; Domain=preview.emergentagent.com; Expires=Sat, 04 Apr 2026 16:36:37 GMT', 'X-Robots-Tag': 'noindex, nofollow', 'Content-Encoding': 'gzip'} = &lt;Response [200]&gt;.headers</failure></testcase><testcase classname="backend.tests.test_iteration5_features.TestAcademyGroups" name="test_get_academy_groups" time="0.102" /><testcase classname="backend.tests.test_iteration5_features.TestAcademyGroups" name="test_get_academy_group_players" time="0.257" /><testcase classname="backend.tests.test_iteration5_features.TestAcademyGroups" name="test_academy_players_have_group_info" time="0.102" /><testcase classname="backend.tests.test_iteration5_features.TestStandingsWithLogos" name="test_standings_have_team_logo_field" time="0.111" /><testcase classname="backend.tests.test_iteration5_features.TestStandingsWithLogos" name="test_create_standing_with_logo" time="0.213" /><testcase classname="backend.tests.test_iteration5_features.TestLiveMatchWidget" name="test_live_match_endpoint_exists" time="0.098" /><testcase classname="backend.tests.test_iteration5_features.TestPublicPages" name="test_homepage_data_endpoints" time="0.435" /><testcase classname="backend.tests.test_iteration5_features.TestPublicPages" name="test_team_page_data" time="0.110" /><testcase classname="backend.tests.test_iteration5_features.TestPublicPages" name="test_academy_page_data" time="0.206" /><testcase classname="backend.tests.test_iteration5_features.TestPublicPages" name="test_fixtures_page_data" time="0.119" /><testcase classname="backend.tests.test_iteration5_features.TestPublicPages" name="test_news_page_data" time="0.102" /><testcase classname="backend.tests.test_iteration5_features.TestPublicPages" name="test_contact_form_submission" time="0.105" /><testcase classname="backend.tests.test_iteration5_features.TestAdminEndpoints" name="test_admin_dashboard_stats" time="0.121" /><testcase classname="backend.tests.test_iteration5_features.TestAdminEndpoints" name="test_admin_dashboard_requires_auth" time="0.112" /></testsuite></testsuites>