<?xml version="1.0" encoding="utf-8"?><testsuites name="pytest tests"><testsuite name="pytest" errors="0" failures="0" skipped="1" tests="17" time="4.807" timestamp="2026-04-07T14:16:16.102316+00:00" hostname="agent-env-cdbf39a3-df06-476c-b821-917b915438c3"><testcase classname="backend.tests.test_mobile_auth_iter30.TestMobileOTPRequest" name="test_request_otp_parent_role" time="0.302" /><testcase classname="backend.tests.test_mobile_auth_iter30.TestMobileOTPRequest" name="test_request_otp_coach_role" time="0.121" /><testcase classname="backend.tests.test_mobile_auth_iter30.TestMobileOTPRequest" name="test_request_otp_player_role" time="0.132" /><testcase classname="backend.tests.test_mobile_auth_iter30.TestMobileOTPRequest" name="test_request_otp_management_role" time="0.120" /><testcase classname="backend.tests.test_mobile_auth_iter30.TestMobileOTPRequest" name="test_request_otp_empty_phone" time="0.147" /><testcase classname="backend.tests.test_mobile_auth_iter30.TestMobileOTPVerify" name="test_verify_otp_correct_code" time="0.221" /><testcase classname="backend.tests.test_mobile_auth_iter30.TestMobileOTPVerify" name="test_verify_otp_wrong_code" time="0.267" /><testcase classname="backend.tests.test_mobile_auth_iter30.TestMobileOTPVerify" name="test_verify_otp_missing_fields" time="0.116" /><testcase classname="backend.tests.test_mobile_auth_iter30.TestMobileAuthMe" name="test_get_me_with_token" time="0.352" /><testcase classname="backend.tests.test_mobile_auth_iter30.TestMobileAuthMe" name="test_get_me_without_token" time="0.110" /><testcase classname="backend.tests.test_mobile_auth_iter30.TestParentDashboard" name="test_parent_dashboard" time="0.342" /><testcase classname="backend.tests.test_mobile_auth_iter30.TestCoachDashboard" name="test_coach_dashboard" time="0.404" /><testcase classname="backend.tests.test_mobile_auth_iter30.TestPlayerDashboard" name="test_player_dashboard" time="0.655" /><testcase classname="backend.tests.test_mobile_auth_iter30.TestManagementDashboard" name="test_management_dashboard" time="0.367" /><testcase classname="backend.tests.test_mobile_auth_iter30.TestAvailability" name="test_submit_availability" time="0.338"><skipped type="pytest.skip" message="No events or children to test availability">/app/backend/tests/test_mobile_auth_iter30.py:312: No events or children to test availability</skipped></testcase><testcase classname="backend.tests.test_mobile_auth_iter30.TestRoleAccessControl" name="test_parent_cannot_access_coach_dashboard" time="0.361" /><testcase classname="backend.tests.test_mobile_auth_iter30.TestRoleAccessControl" name="test_parent_cannot_access_management_dashboard" time="0.346" /></testsuite></testsuites>