<?xml version="1.0" encoding="utf-8"?><testsuites name="pytest tests"><testsuite name="pytest" errors="0" failures="0" skipped="0" tests="34" time="51.438" timestamp="2026-04-04T15:34:04.282825+00:00" hostname="agent-env-cdbf39a3-df06-476c-b821-917b915438c3"><testcase classname="backend.tests.test_lefteria_fc_api.TestPublicEndpoints" name="test_api_root" time="19.875" /><testcase classname="backend.tests.test_lefteria_fc_api.TestPublicEndpoints" name="test_get_players" time="20.887" /><testcase classname="backend.tests.test_lefteria_fc_api.TestPublicEndpoints" name="test_get_players_with_team_type_filter" time="0.148" /><testcase classname="backend.tests.test_lefteria_fc_api.TestPublicEndpoints" name="test_get_players_with_position_filter" time="0.109" /><testcase classname="backend.tests.test_lefteria_fc_api.TestPublicEndpoints" name="test_get_academy_groups" time="0.116" /><testcase classname="backend.tests.test_lefteria_fc_api.TestPublicEndpoints" name="test_get_standings" time="0.111" /><testcase classname="backend.tests.test_lefteria_fc_api.TestPublicEndpoints" name="test_get_fixtures" time="0.113" /><testcase classname="backend.tests.test_lefteria_fc_api.TestPublicEndpoints" name="test_get_fixtures_with_status_filter" time="0.109" /><testcase classname="backend.tests.test_lefteria_fc_api.TestPublicEndpoints" name="test_get_fixtures_scheduled" time="0.118" /><testcase classname="backend.tests.test_lefteria_fc_api.TestPublicEndpoints" name="test_get_news" time="0.125" /><testcase classname="backend.tests.test_lefteria_fc_api.TestPublicEndpoints" name="test_get_club_profile" time="0.112" /><testcase classname="backend.tests.test_lefteria_fc_api.TestPublicEndpoints" name="test_get_staff" time="0.098" /><testcase classname="backend.tests.test_lefteria_fc_api.TestPublicEndpoints" name="test_get_venues" time="0.103" /><testcase classname="backend.tests.test_lefteria_fc_api.TestPublicEndpoints" name="test_get_seasons" time="0.110" /><testcase classname="backend.tests.test_lefteria_fc_api.TestPublicEndpoints" name="test_contact_form_submission" time="0.102" /><testcase classname="backend.tests.test_lefteria_fc_api.TestAuthentication" name="test_login_success" time="0.326" /><testcase classname="backend.tests.test_lefteria_fc_api.TestAuthentication" name="test_login_invalid_credentials" time="0.113" /><testcase classname="backend.tests.test_lefteria_fc_api.TestAuthentication" name="test_auth_me_without_token" time="0.119" /><testcase classname="backend.tests.test_lefteria_fc_api.TestAuthentication" name="test_auth_me_with_token" time="0.430" /><testcase classname="backend.tests.test_lefteria_fc_api.TestAdminEndpoints" name="test_admin_dashboard" time="0.459" /><testcase classname="backend.tests.test_lefteria_fc_api.TestAdminEndpoints" name="test_admin_create_player" time="0.416" /><testcase classname="backend.tests.test_lefteria_fc_api.TestAdminEndpoints" name="test_admin_update_player" time="0.659" /><testcase classname="backend.tests.test_lefteria_fc_api.TestAdminEndpoints" name="test_admin_delete_player" time="0.647" /><testcase classname="backend.tests.test_lefteria_fc_api.TestAdminEndpoints" name="test_admin_create_academy_group" time="0.562" /><testcase classname="backend.tests.test_lefteria_fc_api.TestAdminEndpoints" name="test_admin_create_staff" time="0.541" /><testcase classname="backend.tests.test_lefteria_fc_api.TestAdminEndpoints" name="test_admin_create_fixture" time="0.538" /><testcase classname="backend.tests.test_lefteria_fc_api.TestAdminEndpoints" name="test_admin_create_standing" time="0.525" /><testcase classname="backend.tests.test_lefteria_fc_api.TestAdminEndpoints" name="test_admin_create_news" time="0.559" /><testcase classname="backend.tests.test_lefteria_fc_api.TestAdminEndpoints" name="test_admin_create_venue" time="0.560" /><testcase classname="backend.tests.test_lefteria_fc_api.TestAdminEndpoints" name="test_admin_create_season" time="0.534" /><testcase classname="backend.tests.test_lefteria_fc_api.TestAdminEndpoints" name="test_admin_update_club_profile" time="0.537" /><testcase classname="backend.tests.test_lefteria_fc_api.TestAdminEndpoints" name="test_admin_get_contact_messages" time="0.446" /><testcase classname="backend.tests.test_lefteria_fc_api.TestCleanup" name="test_cleanup_test_players" time="0.540" /><testcase classname="backend.tests.test_lefteria_fc_api.TestCleanup" name="test_cleanup_test_messages" time="0.575" /></testsuite></testsuites>