<?xml version="1.0" encoding="utf-8"?><testsuites name="pytest tests"><testsuite name="pytest" errors="0" failures="0" skipped="0" tests="6" time="3.302" timestamp="2026-04-10T08:08:08.044877+00:00" hostname="agent-env-cdbf39a3-df06-476c-b821-917b915438c3"><testcase classname="tests.test_p0_p1_features.TestAdminAuth" name="test_admin_login" time="0.350" /><testcase classname="tests.test_p0_p1_features.TestEventAttendanceAPI" name="test_get_fixtures" time="0.498" /><testcase classname="tests.test_p0_p1_features.TestEventAttendanceAPI" name="test_get_event_attendance_for_fixture" time="0.542" /><testcase classname="tests.test_p0_p1_features.TestEventAttendanceAPI" name="test_save_event_attendance_for_fixture" time="0.884" /><testcase classname="tests.test_p0_p1_features.TestAcademyAgeGroups" name="test_get_academy_groups" time="0.449" /><testcase classname="tests.test_p0_p1_features.TestAttendanceStats" name="test_get_attendance_stats" time="0.507" /></testsuite></testsuites>