<?xml version="1.0" encoding="utf-8"?><testsuites name="pytest tests"><testsuite name="pytest" errors="0" failures="0" skipped="0" tests="11" time="6.420" timestamp="2026-04-05T12:45:50.749791+00:00" hostname="agent-env-cdbf39a3-df06-476c-b821-917b915438c3"><testcase classname="backend.tests.test_iteration21_academy_players.TestAcademyPlayerManagement" name="test_01_admin_login" time="0.817" /><testcase classname="backend.tests.test_iteration21_academy_players.TestAcademyPlayerManagement" name="test_02_get_academy_groups" time="0.465" /><testcase classname="backend.tests.test_iteration21_academy_players.TestAcademyPlayerManagement" name="test_03_create_academy_player_with_parent_info" time="0.565" /><testcase classname="backend.tests.test_iteration21_academy_players.TestAcademyPlayerManagement" name="test_04_get_academy_group_players" time="0.483" /><testcase classname="backend.tests.test_iteration21_academy_players.TestAcademyPlayerManagement" name="test_05_edit_academy_player" time="0.602" /><testcase classname="backend.tests.test_iteration21_academy_players.TestAcademyPlayerManagement" name="test_06_transfer_player_multi_group" time="0.696" /><testcase classname="backend.tests.test_iteration21_academy_players.TestAcademyPlayerManagement" name="test_07_delete_academy_player" time="0.556" /><testcase classname="backend.tests.test_iteration21_academy_players.TestAcademyPlayerManagement" name="test_08_public_player_profile" time="0.612" /><testcase classname="backend.tests.test_iteration21_academy_players.TestAcademyFixtures" name="test_09_create_academy_fixture" time="0.512" /><testcase classname="backend.tests.test_iteration21_academy_players.TestAcademyFixtures" name="test_10_get_academy_group_fixtures" time="0.577" /><testcase classname="backend.tests.test_iteration21_academy_players.TestAcademyFixtures" name="test_11_player_model_has_required_fields" time="0.467" /></testsuite></testsuites>