<?xml version="1.0" encoding="utf-8"?><testsuites name="pytest tests"><testsuite name="pytest" errors="0" failures="0" skipped="0" tests="16" time="2.153" timestamp="2026-04-04T16:38:39.593305+00:00" hostname="agent-env-cdbf39a3-df06-476c-b821-917b915438c3"><testcase classname="backend.tests.test_iteration6_team_hub.TestTeamHubAPIs" name="test_get_first_team_players" time="0.156" /><testcase classname="backend.tests.test_iteration6_team_hub.TestTeamHubAPIs" name="test_get_fixtures" time="0.094" /><testcase classname="backend.tests.test_iteration6_team_hub.TestTeamHubAPIs" name="test_get_standings" time="0.108" /><testcase classname="backend.tests.test_iteration6_team_hub.TestTeamHubAPIs" name="test_get_staff" time="0.124" /><testcase classname="backend.tests.test_iteration6_team_hub.TestTeamHubAPIs" name="test_get_calendar" time="0.104" /><testcase classname="backend.tests.test_iteration6_team_hub.TestTeamHubAPIs" name="test_get_venues" time="0.124" /><testcase classname="backend.tests.test_iteration6_team_hub.TestPlayerProfileAPIs" name="test_get_player_by_id" time="0.256" /><testcase classname="backend.tests.test_iteration6_team_hub.TestPlayerProfileAPIs" name="test_get_nonexistent_player" time="0.113" /><testcase classname="backend.tests.test_iteration6_team_hub.TestRosterFiltering" name="test_filter_by_position_goalkeeper" time="0.111" /><testcase classname="backend.tests.test_iteration6_team_hub.TestRosterFiltering" name="test_filter_by_position_defender" time="0.149" /><testcase classname="backend.tests.test_iteration6_team_hub.TestRosterFiltering" name="test_filter_by_position_midfielder" time="0.150" /><testcase classname="backend.tests.test_iteration6_team_hub.TestRosterFiltering" name="test_filter_by_position_forward" time="0.107" /><testcase classname="backend.tests.test_iteration6_team_hub.TestResultsFiltering" name="test_filter_completed_fixtures" time="0.104" /><testcase classname="backend.tests.test_iteration6_team_hub.TestResultsFiltering" name="test_filter_scheduled_fixtures" time="0.132" /><testcase classname="backend.tests.test_iteration6_team_hub.TestAcademyGroups" name="test_get_academy_groups" time="0.108" /><testcase classname="backend.tests.test_iteration6_team_hub.TestAcademyGroups" name="test_get_academy_players" time="0.107" /></testsuite></testsuites>