<?xml version="1.0" encoding="utf-8"?><testsuites name="pytest tests"><testsuite name="pytest" errors="0" failures="1" skipped="0" tests="29" time="10.199" timestamp="2026-04-05T08:39:28.292462+00:00" hostname="agent-env-cdbf39a3-df06-476c-b821-917b915438c3"><testcase classname="backend.tests.test_iteration16_customer_auth_shop.TestCustomerRegistration" name="test_register_success" time="0.501" /><testcase classname="backend.tests.test_iteration16_customer_auth_shop.TestCustomerRegistration" name="test_register_duplicate_email" time="0.100"><failure message="AssertionError: Expected 400 for duplicate email, got 409&#10;assert 409 == 400&#10; +  where 409 = &lt;Response [409]&gt;.status_code">backend/tests/test_iteration16_customer_auth_shop.py:47: in test_register_duplicate_email
    assert response.status_code == 400, f"Expected 400 for duplicate email, got {response.status_code}"
E   AssertionError: Expected 400 for duplicate email, got 409
E   assert 409 == 400
E    +  where 409 = &lt;Response [409]&gt;.status_code</failure></testcase><testcase classname="backend.tests.test_iteration16_customer_auth_shop.TestCustomerRegistration" name="test_register_missing_fields" time="0.111" /><testcase classname="backend.tests.test_iteration16_customer_auth_shop.TestCustomerLogin" name="test_login_success" time="0.323" /><testcase classname="backend.tests.test_iteration16_customer_auth_shop.TestCustomerLogin" name="test_login_wrong_password" time="0.327" /><testcase classname="backend.tests.test_iteration16_customer_auth_shop.TestCustomerLogin" name="test_login_nonexistent_email" time="0.141" /><testcase classname="backend.tests.test_iteration16_customer_auth_shop.TestCustomerProfile" name="test_get_profile" time="0.471" /><testcase classname="backend.tests.test_iteration16_customer_auth_shop.TestCustomerProfile" name="test_get_profile_no_auth" time="0.217" /><testcase classname="backend.tests.test_iteration16_customer_auth_shop.TestCustomerProfile" name="test_update_profile" time="0.442" /><testcase classname="backend.tests.test_iteration16_customer_auth_shop.TestChangePassword" name="test_change_password_wrong_current" time="0.651" /><testcase classname="backend.tests.test_iteration16_customer_auth_shop.TestProducts" name="test_get_products" time="0.099" /><testcase classname="backend.tests.test_iteration16_customer_auth_shop.TestProducts" name="test_get_single_product" time="0.190" /><testcase classname="backend.tests.test_iteration16_customer_auth_shop.TestCart" name="test_cart_requires_auth" time="0.096" /><testcase classname="backend.tests.test_iteration16_customer_auth_shop.TestCart" name="test_add_to_cart" time="0.520" /><testcase classname="backend.tests.test_iteration16_customer_auth_shop.TestCart" name="test_get_cart" time="0.418" /><testcase classname="backend.tests.test_iteration16_customer_auth_shop.TestCart" name="test_get_cart_count" time="0.421" /><testcase classname="backend.tests.test_iteration16_customer_auth_shop.TestCart" name="test_update_cart_quantity" time="0.642" /><testcase classname="backend.tests.test_iteration16_customer_auth_shop.TestCart" name="test_remove_from_cart" time="0.618" /><testcase classname="backend.tests.test_iteration16_customer_auth_shop.TestOrders" name="test_orders_require_auth" time="0.097" /><testcase classname="backend.tests.test_iteration16_customer_auth_shop.TestOrders" name="test_create_order" time="0.624" /><testcase classname="backend.tests.test_iteration16_customer_auth_shop.TestOrders" name="test_get_orders" time="0.415" /><testcase classname="backend.tests.test_iteration16_customer_auth_shop.TestVotingWithAuth" name="test_vote_requires_auth" time="0.190" /><testcase classname="backend.tests.test_iteration16_customer_auth_shop.TestVotingWithAuth" name="test_vote_check_without_auth" time="0.136" /><testcase classname="backend.tests.test_iteration16_customer_auth_shop.TestVotingWithAuth" name="test_vote_results_public" time="0.099" /><testcase classname="backend.tests.test_iteration16_customer_auth_shop.TestVotingWithAuth" name="test_cast_vote" time="0.720" /><testcase classname="backend.tests.test_iteration16_customer_auth_shop.TestVotingWithAuth" name="test_check_vote_status" time="0.432" /><testcase classname="backend.tests.test_iteration16_customer_auth_shop.TestVotingWithAuth" name="test_withdraw_vote" time="0.431" /><testcase classname="backend.tests.test_iteration16_customer_auth_shop.TestAdminAuth" name="test_admin_login" time="0.325" /><testcase classname="backend.tests.test_iteration16_customer_auth_shop.TestAdminAuth" name="test_admin_login_wrong_password" time="0.319" /></testsuite></testsuites>