<?xml version="1.0" encoding="utf-8"?><testsuites name="pytest tests"><testsuite name="pytest" errors="0" failures="0" skipped="0" tests="22" time="5.022" timestamp="2026-04-05T09:34:11.142413+00:00" hostname="agent-env-cdbf39a3-df06-476c-b821-917b915438c3"><testcase classname="backend.tests.test_iteration17_shop_admin.TestPublicTicketsEndpoint" name="test_get_tickets_returns_200" time="0.248" /><testcase classname="backend.tests.test_iteration17_shop_admin.TestPublicTicketsEndpoint" name="test_tickets_have_required_fields" time="0.126" /><testcase classname="backend.tests.test_iteration17_shop_admin.TestAdminProductsCRUD" name="test_get_admin_products_requires_auth" time="0.132" /><testcase classname="backend.tests.test_iteration17_shop_admin.TestAdminProductsCRUD" name="test_get_admin_products_with_auth" time="0.451" /><testcase classname="backend.tests.test_iteration17_shop_admin.TestAdminProductsCRUD" name="test_create_product" time="0.105" /><testcase classname="backend.tests.test_iteration17_shop_admin.TestAdminProductsCRUD" name="test_update_product" time="0.320" /><testcase classname="backend.tests.test_iteration17_shop_admin.TestAdminProductsCRUD" name="test_delete_product" time="0.326" /><testcase classname="backend.tests.test_iteration17_shop_admin.TestAdminTicketsCRUD" name="test_get_admin_tickets_requires_auth" time="0.097" /><testcase classname="backend.tests.test_iteration17_shop_admin.TestAdminTicketsCRUD" name="test_get_admin_tickets_with_auth" time="0.100" /><testcase classname="backend.tests.test_iteration17_shop_admin.TestAdminTicketsCRUD" name="test_create_seasonal_ticket" time="0.202" /><testcase classname="backend.tests.test_iteration17_shop_admin.TestAdminTicketsCRUD" name="test_create_match_ticket" time="0.215" /><testcase classname="backend.tests.test_iteration17_shop_admin.TestAdminTicketsCRUD" name="test_update_ticket" time="0.344" /><testcase classname="backend.tests.test_iteration17_shop_admin.TestAdminTicketsCRUD" name="test_delete_ticket" time="0.198" /><testcase classname="backend.tests.test_iteration17_shop_admin.TestAdminOrdersManagement" name="test_get_admin_orders_requires_auth" time="0.096" /><testcase classname="backend.tests.test_iteration17_shop_admin.TestAdminOrdersManagement" name="test_get_admin_orders_with_auth" time="0.117" /><testcase classname="backend.tests.test_iteration17_shop_admin.TestAdminOrdersManagement" name="test_update_order_status" time="0.454" /><testcase classname="backend.tests.test_iteration17_shop_admin.TestCartAddTicket" name="test_add_ticket_requires_auth" time="0.098" /><testcase classname="backend.tests.test_iteration17_shop_admin.TestCartAddTicket" name="test_add_ticket_to_cart" time="0.722" /><testcase classname="backend.tests.test_iteration17_shop_admin.TestCartAddTicket" name="test_add_unavailable_ticket_fails" time="0.289" /><testcase classname="backend.tests.test_iteration17_shop_admin.TestPublicProductsEndpoint" name="test_get_products_returns_200" time="0.090" /><testcase classname="backend.tests.test_iteration17_shop_admin.TestPublicProductsEndpoint" name="test_products_have_required_fields" time="0.093" /><testcase classname="backend.tests.test_iteration17_shop_admin.TestCartEnrichment" name="test_cart_shows_item_types" time="0.103" /></testsuite></testsuites>