<?xml version="1.0" encoding="utf-8"?><testsuites name="pytest tests"><testsuite name="pytest" errors="0" failures="0" skipped="0" tests="25" time="9.268" timestamp="2026-04-05T10:29:05.904159+00:00" hostname="agent-env-cdbf39a3-df06-476c-b821-917b915438c3"><testcase classname="backend.tests.test_iteration18_cms_restructure.TestHealthAndBasics" name="test_api_root" time="0.137" /><testcase classname="backend.tests.test_iteration18_cms_restructure.TestHealthAndBasics" name="test_current_season_endpoint" time="0.097" /><testcase classname="backend.tests.test_iteration18_cms_restructure.TestAdminAuth" name="test_admin_login_success" time="0.324" /><testcase classname="backend.tests.test_iteration18_cms_restructure.TestAdminAuth" name="test_admin_login_wrong_password" time="0.351" /><testcase classname="backend.tests.test_iteration18_cms_restructure.TestAdminAuth" name="test_admin_login_wrong_username" time="0.117" /><testcase classname="backend.tests.test_iteration18_cms_restructure.TestTeamsEndpoints" name="test_get_teams_public" time="0.415" /><testcase classname="backend.tests.test_iteration18_cms_restructure.TestTeamsEndpoints" name="test_create_team" time="0.535" /><testcase classname="backend.tests.test_iteration18_cms_restructure.TestTeamsEndpoints" name="test_create_team_no_auth" time="0.467" /><testcase classname="backend.tests.test_iteration18_cms_restructure.TestTeamsEndpoints" name="test_update_team" time="0.624" /><testcase classname="backend.tests.test_iteration18_cms_restructure.TestTeamsEndpoints" name="test_delete_team" time="0.626" /><testcase classname="backend.tests.test_iteration18_cms_restructure.TestTeamsEndpoints" name="test_delete_team_not_found" time="0.430" /><testcase classname="backend.tests.test_iteration18_cms_restructure.TestPlayersWithTeams" name="test_get_players_public" time="0.432" /><testcase classname="backend.tests.test_iteration18_cms_restructure.TestPlayersWithTeams" name="test_players_have_team_id" time="0.430" /><testcase classname="backend.tests.test_iteration18_cms_restructure.TestAcademyGroups" name="test_get_academy_groups_public" time="0.445" /><testcase classname="backend.tests.test_iteration18_cms_restructure.TestAcademyGroups" name="test_get_academy_group_players" time="0.515" /><testcase classname="backend.tests.test_iteration18_cms_restructure.TestSettingsEndpoints" name="test_get_seasons" time="0.412" /><testcase classname="backend.tests.test_iteration18_cms_restructure.TestSettingsEndpoints" name="test_get_venues" time="0.414" /><testcase classname="backend.tests.test_iteration18_cms_restructure.TestSettingsEndpoints" name="test_get_club_profile" time="0.434" /><testcase classname="backend.tests.test_iteration18_cms_restructure.TestShopEndpoints" name="test_get_products_public" time="0.424" /><testcase classname="backend.tests.test_iteration18_cms_restructure.TestShopEndpoints" name="test_get_tickets_public" time="0.415" /><testcase classname="backend.tests.test_iteration18_cms_restructure.TestShopEndpoints" name="test_admin_products_requires_auth" time="0.415" /><testcase classname="backend.tests.test_iteration18_cms_restructure.TestShopEndpoints" name="test_admin_orders_requires_auth" time="0.414" /><testcase classname="backend.tests.test_iteration18_cms_restructure.TestStandingsEndpoints" name="test_get_standings_public" time="0.096" /><testcase classname="backend.tests.test_iteration18_cms_restructure.TestFixturesEndpoints" name="test_get_fixtures_public" time="0.104" /><testcase classname="backend.tests.test_iteration18_cms_restructure.TestStaffEndpoints" name="test_get_staff_public" time="0.095" /></testsuite></testsuites>