<?xml version="1.0" encoding="utf-8"?><testsuites name="pytest tests"><testsuite name="pytest" errors="0" failures="0" skipped="0" tests="13" time="1.474" timestamp="2026-04-05T06:57:31.087582+00:00" hostname="agent-env-cdbf39a3-df06-476c-b821-917b915438c3"><testcase classname="backend.tests.test_iteration12_official_data.TestStandings" name="test_standings_returns_11_teams" time="0.151" /><testcase classname="backend.tests.test_iteration12_official_data.TestStandings" name="test_standings_first_place_pas_zakakiou" time="0.108" /><testcase classname="backend.tests.test_iteration12_official_data.TestStandings" name="test_standings_lefteria_third_place" time="0.105" /><testcase classname="backend.tests.test_iteration12_official_data.TestStandings" name="test_standings_last_place_parthenon" time="0.105" /><testcase classname="backend.tests.test_iteration12_official_data.TestStandings" name="test_standings_has_gf_ga_gd_columns" time="0.096" /><testcase classname="backend.tests.test_iteration12_official_data.TestFixtures" name="test_fixtures_returns_105_matches" time="0.108" /><testcase classname="backend.tests.test_iteration12_official_data.TestFixtures" name="test_all_fixtures_completed" time="0.096" /><testcase classname="backend.tests.test_iteration12_official_data.TestFixtures" name="test_lefteria_matches_count" time="0.103" /><testcase classname="backend.tests.test_iteration12_official_data.TestFixtures" name="test_fixture_has_required_fields" time="0.094" /><testcase classname="backend.tests.test_iteration12_official_data.TestPushNotifications" name="test_vapid_key_endpoint" time="0.101" /><testcase classname="backend.tests.test_iteration12_official_data.TestTransfers" name="test_transfers_endpoint" time="0.098" /><testcase classname="backend.tests.test_iteration12_official_data.TestClubProfile" name="test_club_profile_endpoint" time="0.110" /><testcase classname="backend.tests.test_iteration12_official_data.TestSettingsEndpoints" name="test_standings_columns_settings" time="0.130" /></testsuite></testsuites>