<?xml version="1.0" encoding="utf-8"?><testsuites name="pytest tests"><testsuite name="pytest" errors="0" failures="0" skipped="0" tests="18" time="3.838" timestamp="2026-05-04T19:53:52.188784+00:00" hostname="agent-env-cdbf39a3-df06-476c-b821-917b915438c3"><testcase classname="backend.tests.test_sponsors_iter45.TestSponsorsPublic" name="test_list_all_sponsors" time="0.292" /><testcase classname="backend.tests.test_sponsors_iter45.TestSponsorsPublic" name="test_filter_first_team" time="0.128" /><testcase classname="backend.tests.test_sponsors_iter45.TestSponsorsPublic" name="test_filter_academy" time="0.225" /><testcase classname="backend.tests.test_sponsors_iter45.TestSponsorsPublic" name="test_get_seeded_sponsor" time="0.125" /><testcase classname="backend.tests.test_sponsors_iter45.TestSponsorsPublic" name="test_get_sponsor_404" time="0.159" /><testcase classname="backend.tests.test_sponsors_iter45.TestSponsorsAdminCRUD" name="test_create_sponsor_unauthenticated" time="0.129" /><testcase classname="backend.tests.test_sponsors_iter45.TestSponsorsAdminCRUD" name="test_create_sponsor" time="0.794" /><testcase classname="backend.tests.test_sponsors_iter45.TestSponsorsAdminCRUD" name="test_update_sponsor" time="0.282" /><testcase classname="backend.tests.test_sponsors_iter45.TestSponsorsAdminCRUD" name="test_update_404" time="0.129" /><testcase classname="backend.tests.test_sponsors_iter45.TestSponsorsAdminCRUD" name="test_delete_sponsor" time="0.278" /><testcase classname="backend.tests.test_sponsors_iter45.TestSponsorsAdminCRUD" name="test_delete_404" time="0.133" /><testcase classname="backend.tests.test_sponsors_iter45.TestPublicPagesReachable" name="test_route_returns_html[/academy]" time="0.150" /><testcase classname="backend.tests.test_sponsors_iter45.TestPublicPagesReachable" name="test_route_returns_html[/academy/philosophy]" time="0.133" /><testcase classname="backend.tests.test_sponsors_iter45.TestPublicPagesReachable" name="test_route_returns_html[/academy/groups]" time="0.211" /><testcase classname="backend.tests.test_sponsors_iter45.TestPublicPagesReachable" name="test_route_returns_html[/academy/registration]" time="0.137" /><testcase classname="backend.tests.test_sponsors_iter45.TestPublicPagesReachable" name="test_route_returns_html[/sponsors/first-team]" time="0.152" /><testcase classname="backend.tests.test_sponsors_iter45.TestPublicPagesReachable" name="test_route_returns_html[/sponsors/academy]" time="0.163" /><testcase classname="backend.tests.test_sponsors_iter45.TestPublicPagesReachable" name="test_route_returns_html[/sponsors/d857ae0c-6bcc-4ce7-b640-985af59a5c51]" time="0.126" /></testsuite></testsuites>