<?xml version="1.0" encoding="utf-8"?><testsuites name="pytest tests"><testsuite name="pytest" errors="0" failures="0" skipped="1" tests="20" time="10.555" timestamp="2026-04-06T18:46:20.954002+00:00" hostname="agent-env-cdbf39a3-df06-476c-b821-917b915438c3"><testcase classname="backend.tests.test_p2_features_iter28.TestAuth" name="test_admin_login" time="0.426" /><testcase classname="backend.tests.test_p2_features_iter28.TestFinancialDashboard" name="test_get_financial_stats" time="0.507" /><testcase classname="backend.tests.test_p2_features_iter28.TestFinancialDashboard" name="test_create_financial_record" time="0.227" /><testcase classname="backend.tests.test_p2_features_iter28.TestFinancialDashboard" name="test_get_financial_records" time="0.118" /><testcase classname="backend.tests.test_p2_features_iter28.TestFinancialDashboard" name="test_mark_record_as_paid" time="0.359" /><testcase classname="backend.tests.test_p2_features_iter28.TestFinancialDashboard" name="test_filter_records_by_status" time="0.123" /><testcase classname="backend.tests.test_p2_features_iter28.TestFinancialDashboard" name="test_generate_bulk_dues" time="0.245"><skipped type="pytest.skip" message="No academy groups available">/app/backend/tests/test_p2_features_iter28.py:152: No academy groups available</skipped></testcase><testcase classname="backend.tests.test_p2_features_iter28.TestResourceManagement" name="test_create_facility" time="0.542" /><testcase classname="backend.tests.test_p2_features_iter28.TestResourceManagement" name="test_get_facilities" time="0.337" /><testcase classname="backend.tests.test_p2_features_iter28.TestResourceManagement" name="test_create_booking" time="0.251" /><testcase classname="backend.tests.test_p2_features_iter28.TestResourceManagement" name="test_get_bookings" time="0.139" /><testcase classname="backend.tests.test_p2_features_iter28.TestResourceManagement" name="test_check_availability" time="0.276" /><testcase classname="backend.tests.test_p2_features_iter28.TestResourceManagement" name="test_conflict_detection" time="0.309" /><testcase classname="backend.tests.test_p2_features_iter28.TestVideoAnalytics" name="test_create_video" time="0.612" /><testcase classname="backend.tests.test_p2_features_iter28.TestVideoAnalytics" name="test_get_videos" time="0.115" /><testcase classname="backend.tests.test_p2_features_iter28.TestVideoAnalytics" name="test_get_video_detail" time="0.497" /><testcase classname="backend.tests.test_p2_features_iter28.TestVideoAnalytics" name="test_add_marker" time="0.324" /><testcase classname="backend.tests.test_p2_features_iter28.TestVideoAnalytics" name="test_delete_marker" time="0.476" /><testcase classname="backend.tests.test_p2_features_iter28.TestVideoAnalytics" name="test_filter_videos_by_type" time="0.117" /><testcase classname="backend.tests.test_p2_features_iter28.TestCleanup" name="test_cleanup_test_data" time="4.454" /></testsuite></testsuites>