<?xml version="1.0" encoding="utf-8"?><testsuites name="pytest tests"><testsuite name="pytest" errors="0" failures="0" skipped="0" tests="12" time="2.708" timestamp="2026-04-10T10:38:42.514014+00:00" hostname="agent-env-cdbf39a3-df06-476c-b821-917b915438c3"><testcase classname="backend.tests.test_mobile_redesign_iter40.TestBackendAPIs" name="test_api_root" time="0.271" /><testcase classname="backend.tests.test_mobile_redesign_iter40.TestBackendAPIs" name="test_get_players" time="0.116" /><testcase classname="backend.tests.test_mobile_redesign_iter40.TestBackendAPIs" name="test_get_fixtures" time="0.118" /><testcase classname="backend.tests.test_mobile_redesign_iter40.TestBackendAPIs" name="test_get_academy_groups" time="0.122" /><testcase classname="backend.tests.test_mobile_redesign_iter40.TestMobileOTPAuth" name="test_request_otp" time="0.104" /><testcase classname="backend.tests.test_mobile_redesign_iter40.TestMobileOTPAuth" name="test_verify_otp_success" time="0.259" /><testcase classname="backend.tests.test_mobile_redesign_iter40.TestMobileOTPAuth" name="test_verify_otp_wrong_code" time="0.246" /><testcase classname="backend.tests.test_mobile_redesign_iter40.TestMobileParentDashboard" name="test_parent_dashboard" time="0.320" /><testcase classname="backend.tests.test_mobile_redesign_iter40.TestMobileParentDashboard" name="test_parent_dashboard_no_auth" time="0.097" /><testcase classname="backend.tests.test_mobile_redesign_iter40.TestMobileParentDashboard" name="test_my_availability" time="0.332" /><testcase classname="backend.tests.test_mobile_redesign_iter40.TestMobileChat" name="test_get_conversations" time="0.306" /><testcase classname="backend.tests.test_mobile_redesign_iter40.TestMobileProfile" name="test_get_me" time="0.325" /></testsuite></testsuites>