<?xml version="1.0" encoding="utf-8"?><testsuites name="pytest tests"><testsuite name="pytest" errors="0" failures="0" skipped="0" tests="16" time="1.962" timestamp="2026-04-04T17:57:50.337385+00:00" hostname="agent-env-cdbf39a3-df06-476c-b821-917b915438c3"><testcase classname="backend.tests.test_iteration11_official_data.TestOfficialStandingsData" name="test_standings_returns_11_teams" time="0.136" /><testcase classname="backend.tests.test_iteration11_official_data.TestOfficialStandingsData" name="test_pas_zakakiou_is_first" time="0.148" /><testcase classname="backend.tests.test_iteration11_official_data.TestOfficialStandingsData" name="test_lefteria_2024_is_third" time="0.112" /><testcase classname="backend.tests.test_iteration11_official_data.TestOfficialStandingsData" name="test_lefteria_2024_stats" time="0.108" /><testcase classname="backend.tests.test_iteration11_official_data.TestOfficialStandingsData" name="test_standings_has_gf_ga_columns" time="0.103" /><testcase classname="backend.tests.test_iteration11_official_data.TestOfficialFixturesData" name="test_fixtures_returns_data" time="0.132" /><testcase classname="backend.tests.test_iteration11_official_data.TestOfficialFixturesData" name="test_fixtures_limit_validation" time="0.095" /><testcase classname="backend.tests.test_iteration11_official_data.TestOfficialFixturesData" name="test_lefteria_matches_in_fixtures" time="0.148" /><testcase classname="backend.tests.test_iteration11_official_data.TestOfficialFixturesData" name="test_fixtures_have_completed_status" time="0.111" /><testcase classname="backend.tests.test_iteration11_official_data.TestOfficialFixturesData" name="test_fixtures_have_scores" time="0.121" /><testcase classname="backend.tests.test_iteration11_official_data.TestPushNotificationEndpoints" name="test_vapid_key_endpoint" time="0.108" /><testcase classname="backend.tests.test_iteration11_official_data.TestPushNotificationEndpoints" name="test_subscribers_count_endpoint" time="0.113" /><testcase classname="backend.tests.test_iteration11_official_data.TestTransfersEndpoint" name="test_transfers_endpoint" time="0.107" /><testcase classname="backend.tests.test_iteration11_official_data.TestCalendarEndpoint" name="test_calendar_september_2025" time="0.105" /><testcase classname="backend.tests.test_iteration11_official_data.TestCalendarEndpoint" name="test_calendar_march_2026" time="0.107" /><testcase classname="backend.tests.test_iteration11_official_data.TestSettingsEndpoint" name="test_standings_columns_settings" time="0.122" /></testsuite></testsuites>