<?xml version="1.0" encoding="utf-8"?><testsuites name="pytest tests"><testsuite name="pytest" errors="0" failures="0" skipped="0" tests="22" time="8.236" timestamp="2026-04-06T17:50:08.797273+00:00" hostname="agent-env-cdbf39a3-df06-476c-b821-917b915438c3"><testcase classname="backend.tests.test_iteration26_calendar_attendance_wall.TestAdminAuth" name="test_admin_login" time="0.456" /><testcase classname="backend.tests.test_iteration26_calendar_attendance_wall.TestEventsAPI" name="test_create_event" time="0.541" /><testcase classname="backend.tests.test_iteration26_calendar_attendance_wall.TestEventsAPI" name="test_get_admin_events" time="0.123" /><testcase classname="backend.tests.test_iteration26_calendar_attendance_wall.TestEventsAPI" name="test_get_public_events" time="0.116" /><testcase classname="backend.tests.test_iteration26_calendar_attendance_wall.TestEventsAPI" name="test_create_update_delete_event" time="0.430" /><testcase classname="backend.tests.test_iteration26_calendar_attendance_wall.TestCalendarAPI" name="test_get_calendar" time="0.147" /><testcase classname="backend.tests.test_iteration26_calendar_attendance_wall.TestCalendarAPI" name="test_calendar_contains_fixtures" time="0.140" /><testcase classname="backend.tests.test_iteration26_calendar_attendance_wall.TestAttendanceAPI" name="test_save_attendance" time="0.614" /><testcase classname="backend.tests.test_iteration26_calendar_attendance_wall.TestAttendanceAPI" name="test_get_event_attendance" time="0.491" /><testcase classname="backend.tests.test_iteration26_calendar_attendance_wall.TestAttendanceAPI" name="test_get_attendance_stats" time="0.129" /><testcase classname="backend.tests.test_iteration26_calendar_attendance_wall.TestWallPostsAPI" name="test_create_post" time="0.456" /><testcase classname="backend.tests.test_iteration26_calendar_attendance_wall.TestWallPostsAPI" name="test_get_admin_posts" time="0.170" /><testcase classname="backend.tests.test_iteration26_calendar_attendance_wall.TestWallPostsAPI" name="test_get_public_posts" time="0.126" /><testcase classname="backend.tests.test_iteration26_calendar_attendance_wall.TestWallPostsAPI" name="test_like_post" time="0.363" /><testcase classname="backend.tests.test_iteration26_calendar_attendance_wall.TestWallPostsAPI" name="test_add_comment" time="0.232" /><testcase classname="backend.tests.test_iteration26_calendar_attendance_wall.TestWallPostsAPI" name="test_get_comments" time="0.366" /><testcase classname="backend.tests.test_iteration26_calendar_attendance_wall.TestWallPostsAPI" name="test_toggle_pin_post" time="0.378" /><testcase classname="backend.tests.test_iteration26_calendar_attendance_wall.TestWallPostsAPI" name="test_delete_post" time="0.269" /><testcase classname="backend.tests.test_iteration26_calendar_attendance_wall.TestPostsWithTeamFilter" name="test_create_post_with_team_targeting" time="0.595" /><testcase classname="backend.tests.test_iteration26_calendar_attendance_wall.TestPostsWithTeamFilter" name="test_get_posts_with_team_filter" time="0.253" /><testcase classname="backend.tests.test_iteration26_calendar_attendance_wall.TestCleanup" name="test_cleanup_test_events" time="0.856" /><testcase classname="backend.tests.test_iteration26_calendar_attendance_wall.TestCleanup" name="test_cleanup_test_posts" time="0.886" /></testsuite></testsuites>