<?xml version="1.0" encoding="utf-8"?><testsuites name="pytest tests"><testsuite name="pytest" errors="0" failures="0" skipped="0" tests="11" time="2.686" timestamp="2026-04-23T20:26:14.057966+00:00" hostname="agent-env-cdbf39a3-df06-476c-b821-917b915438c3"><testcase classname="backend.tests.test_attendance_iter42.TestMarkAttendance" name="test_coach_marks_player_present" time="1.326" /><testcase classname="backend.tests.test_attendance_iter42.TestMarkAttendance" name="test_player_marks_self" time="0.109" /><testcase classname="backend.tests.test_attendance_iter42.TestMarkAttendance" name="test_parent_marks_child" time="0.157" /><testcase classname="backend.tests.test_attendance_iter42.TestMarkAttendance" name="test_lock_when_event_passed" time="0.188" /><testcase classname="backend.tests.test_attendance_iter42.TestMarkAttendance" name="test_invalid_status" time="0.110" /><testcase classname="backend.tests.test_attendance_iter42.TestMarkAttendance" name="test_no_auth" time="0.165" /><testcase classname="backend.tests.test_attendance_iter42.TestGetEventAttendance" name="test_coach_roster" time="0.114" /><testcase classname="backend.tests.test_attendance_iter42.TestGetEventAttendance" name="test_locked_flag_true_for_past" time="0.110" /><testcase classname="backend.tests.test_attendance_iter42.TestMyAttendance" name="test_player_my_attendance" time="0.113" /><testcase classname="backend.tests.test_attendance_iter42.TestMyAttendance" name="test_parent_my_attendance" time="0.125" /><testcase classname="backend.tests.test_attendance_iter42.TestMyAttendance" name="test_no_auth" time="0.108" /></testsuite></testsuites>