<?xml version="1.0" encoding="utf-8"?><testsuites name="pytest tests"><testsuite name="pytest" errors="0" failures="0" skipped="0" tests="12" time="5.572" timestamp="2026-04-06T17:15:44.690729+00:00" hostname="agent-env-cdbf39a3-df06-476c-b821-917b915438c3"><testcase classname="backend.tests.test_iteration24_match_player_stats.TestMatchPlayerStats" name="test_admin_login_works" time="0.866" /><testcase classname="backend.tests.test_iteration24_match_player_stats.TestMatchPlayerStats" name="test_get_academy_groups" time="0.387" /><testcase classname="backend.tests.test_iteration24_match_player_stats.TestMatchPlayerStats" name="test_get_academy_group_players" time="0.409" /><testcase classname="backend.tests.test_iteration24_match_player_stats.TestMatchPlayerStats" name="test_get_academy_group_fixtures" time="0.406" /><testcase classname="backend.tests.test_iteration24_match_player_stats.TestMatchPlayerStats" name="test_get_fixture_player_stats_empty" time="0.396" /><testcase classname="backend.tests.test_iteration24_match_player_stats.TestMatchPlayerStats" name="test_get_existing_fixture_player_stats" time="0.457" /><testcase classname="backend.tests.test_iteration24_match_player_stats.TestMatchPlayerStats" name="test_create_fixture_and_save_player_stats" time="0.620" /><testcase classname="backend.tests.test_iteration24_match_player_stats.TestMatchPlayerStats" name="test_idempotency_resave_stats" time="0.784" /><testcase classname="backend.tests.test_iteration24_match_player_stats.TestMatchPlayerStats" name="test_post_player_stats_nonexistent_fixture" time="0.398" /><testcase classname="backend.tests.test_iteration24_match_player_stats.TestMatchPlayerStats" name="test_player_stats_endpoint_requires_auth" time="0.547" /><testcase classname="backend.tests.test_iteration24_match_player_stats.TestPublicAcademyGroupStats" name="test_academy_group_players_have_statistics_field" time="0.118" /><testcase classname="backend.tests.test_iteration24_match_player_stats.TestPublicAcademyGroupStats" name="test_academy_group_fixtures_have_score_fields" time="0.119" /></testsuite></testsuites>