<?xml version="1.0" encoding="utf-8"?><testsuites name="pytest tests"><testsuite name="pytest" errors="0" failures="0" skipped="0" tests="10" time="2.656" timestamp="2026-04-23T19:58:26.022575+00:00" hostname="agent-env-cdbf39a3-df06-476c-b821-917b915438c3"><testcase classname="backend.tests.test_mobile_dashboards_iter41" name="test_role_detection" time="1.123" /><testcase classname="backend.tests.test_mobile_dashboards_iter41" name="test_coach_dashboard" time="0.144" /><testcase classname="backend.tests.test_mobile_dashboards_iter41" name="test_coach_dashboard_no_auth" time="0.105" /><testcase classname="backend.tests.test_mobile_dashboards_iter41" name="test_coach_dashboard_wrong_role" time="0.113" /><testcase classname="backend.tests.test_mobile_dashboards_iter41" name="test_player_dashboard" time="0.130" /><testcase classname="backend.tests.test_mobile_dashboards_iter41" name="test_player_dashboard_wrong_role" time="0.114" /><testcase classname="backend.tests.test_mobile_dashboards_iter41" name="test_management_dashboard" time="0.128" /><testcase classname="backend.tests.test_mobile_dashboards_iter41" name="test_management_dashboard_wrong_role" time="0.105" /><testcase classname="backend.tests.test_mobile_dashboards_iter41" name="test_parent_dashboard" time="0.109" /><testcase classname="backend.tests.test_mobile_dashboards_iter41" name="test_auth_me_all_roles" time="0.514" /></testsuite></testsuites>