<?xml version="1.0" encoding="utf-8"?><testsuites name="pytest tests"><testsuite name="pytest" errors="0" failures="0" skipped="0" tests="10" time="1.364" timestamp="2026-04-04T16:51:49.459033+00:00" hostname="agent-env-cdbf39a3-df06-476c-b821-917b915438c3"><testcase classname="backend.tests.test_iteration7_match_report.TestMatchReportBackend" name="test_fixture_detail_endpoint_exists" time="0.163" /><testcase classname="backend.tests.test_iteration7_match_report.TestMatchReportBackend" name="test_fixture_detail_has_correct_fixture_data" time="0.108" /><testcase classname="backend.tests.test_iteration7_match_report.TestMatchReportBackend" name="test_fixture_detail_has_events" time="0.103" /><testcase classname="backend.tests.test_iteration7_match_report.TestMatchReportBackend" name="test_fixture_detail_404_for_nonexistent" time="0.105" /><testcase classname="backend.tests.test_iteration7_match_report.TestMatchReportBackend" name="test_fixture_detail_without_events" time="0.209" /><testcase classname="backend.tests.test_iteration7_match_report.TestMatchReportBackend" name="test_fixture_detail_stats_field" time="0.112" /><testcase classname="backend.tests.test_iteration7_match_report.TestFixturesEndpoint" name="test_fixtures_list" time="0.137" /><testcase classname="backend.tests.test_iteration7_match_report.TestFixturesEndpoint" name="test_single_fixture_endpoint" time="0.108" /><testcase classname="backend.tests.test_iteration7_match_report.TestLiveMatchEndpoint" name="test_live_match_endpoint" time="0.140" /><testcase classname="backend.tests.test_iteration7_match_report.TestEventTypes" name="test_event_type_in_response" time="0.104" /></testsuite></testsuites>