<?xml version="1.0" encoding="utf-8"?><testsuites name="pytest tests"><testsuite name="pytest" errors="0" failures="0" skipped="0" tests="26" time="6.044" timestamp="2026-04-05T08:17:34.051751+00:00" hostname="agent-env-cdbf39a3-df06-476c-b821-917b915438c3"><testcase classname="backend.tests.test_iteration15_potm_voting.TestPotmVotingResults" name="test_get_results_returns_200" time="0.220" /><testcase classname="backend.tests.test_iteration15_potm_voting.TestPotmVotingResults" name="test_results_has_required_fields" time="0.098" /><testcase classname="backend.tests.test_iteration15_potm_voting.TestPotmVotingResults" name="test_results_month_key_format" time="0.100" /><testcase classname="backend.tests.test_iteration15_potm_voting.TestPotmVotingCheck" name="test_check_without_email_returns_not_voted" time="0.101" /><testcase classname="backend.tests.test_iteration15_potm_voting.TestPotmVotingCheck" name="test_check_with_nonexistent_email" time="0.106" /><testcase classname="backend.tests.test_iteration15_potm_voting.TestPotmVotingCast" name="test_vote_without_player_id_returns_422" time="0.200" /><testcase classname="backend.tests.test_iteration15_potm_voting.TestPotmVotingCast" name="test_vote_without_voter_name_returns_422" time="0.258" /><testcase classname="backend.tests.test_iteration15_potm_voting.TestPotmVotingCast" name="test_vote_without_voter_email_returns_422" time="0.218" /><testcase classname="backend.tests.test_iteration15_potm_voting.TestPotmVotingCast" name="test_vote_with_invalid_player_returns_404" time="0.204" /><testcase classname="backend.tests.test_iteration15_potm_voting.TestPotmVotingCast" name="test_vote_with_empty_name_returns_400" time="0.186" /><testcase classname="backend.tests.test_iteration15_potm_voting.TestPotmVotingCast" name="test_vote_with_empty_email_returns_400" time="0.191" /><testcase classname="backend.tests.test_iteration15_potm_voting.TestPotmVotingFullFlow" name="test_01_cast_vote_success" time="0.199" /><testcase classname="backend.tests.test_iteration15_potm_voting.TestPotmVotingFullFlow" name="test_02_check_vote_after_casting" time="0.310" /><testcase classname="backend.tests.test_iteration15_potm_voting.TestPotmVotingFullFlow" name="test_03_duplicate_vote_returns_429" time="0.311" /><testcase classname="backend.tests.test_iteration15_potm_voting.TestPotmVotingFullFlow" name="test_04_results_show_vote" time="0.286" /><testcase classname="backend.tests.test_iteration15_potm_voting.TestPotmVotingFullFlow" name="test_05_player_detail_shows_voters" time="0.291" /><testcase classname="backend.tests.test_iteration15_potm_voting.TestPotmVotingFullFlow" name="test_06_withdraw_vote_success" time="0.302" /><testcase classname="backend.tests.test_iteration15_potm_voting.TestPotmVotingFullFlow" name="test_07_check_after_withdraw" time="0.397" /><testcase classname="backend.tests.test_iteration15_potm_voting.TestPotmVotingFullFlow" name="test_08_revote_after_withdraw" time="0.669" /><testcase classname="backend.tests.test_iteration15_potm_voting.TestPotmWithdraw" name="test_withdraw_nonexistent_vote_returns_404" time="0.099" /><testcase classname="backend.tests.test_iteration15_potm_voting.TestPotmPlayerDetail" name="test_player_detail_returns_200" time="0.194" /><testcase classname="backend.tests.test_iteration15_potm_voting.TestPotmPlayerDetail" name="test_player_detail_has_required_fields" time="0.218" /><testcase classname="backend.tests.test_iteration15_potm_voting.TestPotmPlayerDetail" name="test_player_detail_invalid_id_returns_404" time="0.197" /><testcase classname="backend.tests.test_iteration15_potm_voting.TestEmailCaseInsensitivity" name="test_email_case_insensitive_duplicate_check" time="0.382" /><testcase classname="backend.tests.test_iteration15_potm_voting.TestFirstTeamPlayersForVoting" name="test_first_team_players_available" time="0.100" /><testcase classname="backend.tests.test_iteration15_potm_voting.TestFirstTeamPlayersForVoting" name="test_players_have_required_fields" time="0.108" /></testsuite></testsuites>