<?xml version="1.0" encoding="utf-8"?><testsuites name="pytest tests"><testsuite name="pytest" errors="0" failures="0" skipped="0" tests="18" time="4.809" timestamp="2026-04-10T09:41:07.420760+00:00" hostname="agent-env-cdbf39a3-df06-476c-b821-917b915438c3"><testcase classname="backend.tests.test_mobile_chat_iter38.TestMobileOTPLogin" name="test_otp_request_returns_debug_code" time="0.234" /><testcase classname="backend.tests.test_mobile_chat_iter38.TestMobileOTPLogin" name="test_otp_verify_returns_token_and_user" time="0.282" /><testcase classname="backend.tests.test_mobile_chat_iter38.TestParentDashboardExpandable" name="test_dashboard_returns_groups_for_team_cards" time="0.392" /><testcase classname="backend.tests.test_mobile_chat_iter38.TestParentDashboardExpandable" name="test_dashboard_returns_children_for_my_kids_section" time="0.108" /><testcase classname="backend.tests.test_mobile_chat_iter38.TestParentDashboardExpandable" name="test_dashboard_returns_group_players_for_roster" time="0.103" /><testcase classname="backend.tests.test_mobile_chat_iter38.TestParentDashboardExpandable" name="test_dashboard_returns_fixtures_for_events" time="0.147" /><testcase classname="backend.tests.test_mobile_chat_iter38.TestParentDashboardExpandable" name="test_dashboard_returns_announcements" time="0.109" /><testcase classname="backend.tests.test_mobile_chat_iter38.TestChatConversations" name="test_get_conversations_endpoint" time="0.367" /><testcase classname="backend.tests.test_mobile_chat_iter38.TestChatConversations" name="test_get_conversations_without_auth_fails" time="0.098" /><testcase classname="backend.tests.test_mobile_chat_iter38.TestTeamChat" name="test_create_team_chat" time="0.451" /><testcase classname="backend.tests.test_mobile_chat_iter38.TestTeamChat" name="test_team_chat_idempotent" time="0.202" /><testcase classname="backend.tests.test_mobile_chat_iter38.TestChatMessages" name="test_send_message" time="0.559" /><testcase classname="backend.tests.test_mobile_chat_iter38.TestChatMessages" name="test_get_messages" time="0.104" /><testcase classname="backend.tests.test_mobile_chat_iter38.TestChatMessages" name="test_send_empty_message_fails" time="0.102" /><testcase classname="backend.tests.test_mobile_chat_iter38.TestTeamMembers" name="test_get_team_members" time="0.501" /><testcase classname="backend.tests.test_mobile_chat_iter38.TestPrivateChat" name="test_create_private_chat_requires_other_user" time="0.313" /><testcase classname="backend.tests.test_mobile_chat_iter38.TestAvailabilityEndpoint" name="test_submit_going_availability" time="0.439" /><testcase classname="backend.tests.test_mobile_chat_iter38.TestAvailabilityEndpoint" name="test_submit_not_going_availability" time="0.203" /></testsuite></testsuites>