<?xml version="1.0" encoding="utf-8"?><testsuites name="pytest tests"><testsuite name="pytest" errors="0" failures="0" skipped="0" tests="15" time="5.652" timestamp="2026-04-05T13:20:53.832192+00:00" hostname="agent-env-cdbf39a3-df06-476c-b821-917b915438c3"><testcase classname="backend.tests.test_iteration22_features.TestAdminAuth" name="test_admin_login" time="0.377" /><testcase classname="backend.tests.test_iteration22_features.TestAcademyGroupAPIs" name="test_get_academy_groups" time="0.110" /><testcase classname="backend.tests.test_iteration22_features.TestAcademyGroupAPIs" name="test_get_academy_group_by_id" time="0.214" /><testcase classname="backend.tests.test_iteration22_features.TestAcademyGroupAPIs" name="test_get_academy_group_players" time="0.244" /><testcase classname="backend.tests.test_iteration22_features.TestAcademyGroupAPIs" name="test_get_academy_group_fixtures" time="0.251" /><testcase classname="backend.tests.test_iteration22_features.TestAcademyGroupAPIs" name="test_get_gallery_by_academy_group" time="0.206" /><testcase classname="backend.tests.test_iteration22_features.TestPlayerProfileAPIs" name="test_get_players_list" time="0.435" /><testcase classname="backend.tests.test_iteration22_features.TestPlayerProfileAPIs" name="test_get_player_by_id" time="0.537" /><testcase classname="backend.tests.test_iteration22_features.TestPlayerProfileAPIs" name="test_update_player" time="0.753" /><testcase classname="backend.tests.test_iteration22_features.TestAdminDashboard" name="test_get_admin_dashboard" time="0.452" /><testcase classname="backend.tests.test_iteration22_features.TestAdminDashboard" name="test_get_news" time="0.425" /><testcase classname="backend.tests.test_iteration22_features.TestAdminDashboard" name="test_get_teams" time="0.444" /><testcase classname="backend.tests.test_iteration22_features.TestAdminDashboard" name="test_get_fixtures" time="0.437" /><testcase classname="backend.tests.test_iteration22_features.TestPublicAcademyPage" name="test_academy_page_data" time="0.100" /><testcase classname="backend.tests.test_iteration22_features.TestPublicAcademyPage" name="test_academy_group_detail_page_data" time="0.573" /></testsuite></testsuites>